#
# There is insufficient memory for the Java Runtime Environment to continue.
# Native memory allocation (malloc) failed to allocate 784976 bytes for Chunk::new
# Possible reasons:
#   The system is out of physical RAM or swap space
#   The process is running with CompressedOops enabled, and the Java Heap may be blocking the growth of the native heap
# Possible solutions:
#   Reduce memory load on the system
#   Increase physical memory or swap space
#   Check if swap backing store is full
#   Decrease Java heap size (-Xmx/-Xms)
#   Decrease number of Java threads
#   Decrease Java thread stack sizes (-Xss)
#   Set larger code cache with -XX:ReservedCodeCacheSize=
#   JVM is running with Unscaled Compressed Oops mode in which the Java heap is
#     placed in the first 4GB address space. The Java Heap base address is the
#     maximum limit for the native heap growth. Please use -XX:HeapBaseMinAddress
#     to set the Java Heap base and to place the Java Heap above 4GB virtual address.
# This output file may be truncated or incomplete.
#
#  Out of Memory Error (./open/src/hotspot/share/memory/arena.cpp:197), pid=15504, tid=13740
#
# JRE version: Java(TM) SE Runtime Environment 18.9 (11.0.10+8) (build 11.0.10+8-LTS-162)
# Java VM: Java HotSpot(TM) 64-Bit Server VM 18.9 (11.0.10+8-LTS-162, mixed mode, tiered, compressed oops, g1 gc, windows-amd64)
# No core dump will be written. Minidumps are not enabled by default on client versions of Windows
#

---------------  S U M M A R Y ------------

Command Line: -ea -Didea.test.cyclic.buffer.size=1048576 -javaagent:C:\Program Files\JetBrains\IntelliJ IDEA Community Edition 2020.3\lib\idea_rt.jar=52871:C:\Program Files\JetBrains\IntelliJ IDEA Community Edition 2020.3\bin -Dfile.encoding=UTF-8 com.intellij.rt.testng.RemoteTestNGStarter -usedefaultlisteners false -socket52870 @w@C:\Users\Наталя\AppData\Local\Temp\idea_working_dirs_testng.tmp -temp C:\Users\Наталя\AppData\Local\Temp\idea_testng.tmp

Host: Intel(R) Core(TM) i5-3340M CPU @ 2.70GHz, 4 cores, 7G,  Windows 10 , 64 bit Build 18362 (10.0.18362.778)
Time: Wed Apr 21 15:10:11 2021 O?ieyia?y (e?oi) elapsed time: 4.328660 seconds (0d 0h 0m 4s)

---------------  T H R E A D  ---------------

Current thread (0x000002689c59d800):  JavaThread "C2 CompilerThread1" daemon [_thread_in_native, id=13740, stack(0x000000891e200000,0x000000891e300000)]


Current CompileTask:
C2:   4328 1881 %     4       sun.util.calendar.ZoneInfoFile::getZoneInfo @ 205 (1792 bytes)

Stack: [0x000000891e200000,0x000000891e300000]
Native frames: (J=compiled Java code, j=interpreted, Vv=VM code, C=native code)
V  [jvm.dll+0x613e6a]
V  [jvm.dll+0x74c1ff]
V  [jvm.dll+0x74d885]
V  [jvm.dll+0x74df03]
V  [jvm.dll+0x243b78]
V  [jvm.dll+0xba2cc]
V  [jvm.dll+0xba9cc]
V  [jvm.dll+0x3469c7]
V  [jvm.dll+0x194059]
V  [jvm.dll+0x1fd4a2]
V  [jvm.dll+0x1fc54f]
V  [jvm.dll+0x17f09c]
V  [jvm.dll+0x20bbd4]
V  [jvm.dll+0x209cab]
V  [jvm.dll+0x713619]
V  [jvm.dll+0x70c314]
V  [jvm.dll+0x613036]
C  [ucrtbase.dll+0x20e72]
C  [KERNEL32.DLL+0x17bd4]
C  [ntdll.dll+0x6ce51]


---------------  P R O C E S S  ---------------

Threads class SMR info:
_java_thread_list=0x000002689c5104e0, length=12, elements={
0x00000268fc2fc800, 0x00000268ff3f0000, 0x00000268ff413800, 0x000002689b373000,
0x00000268ff431800, 0x00000268ff432000, 0x00000268ff435000, 0x00000268ff43b000,
0x000002689b4e1800, 0x000002689b648000, 0x000002689b648800, 0x000002689c59d800
}

Java Threads: ( => current thread )
  0x00000268fc2fc800 JavaThread "main" [_thread_in_native, id=13488, stack(0x000000891d000000,0x000000891d100000)]
  0x00000268ff3f0000 JavaThread "Reference Handler" daemon [_thread_blocked, id=14884, stack(0x000000891d700000,0x000000891d800000)]
  0x00000268ff413800 JavaThread "Finalizer" daemon [_thread_blocked, id=4504, stack(0x000000891d800000,0x000000891d900000)]
  0x000002689b373000 JavaThread "Signal Dispatcher" daemon [_thread_blocked, id=5984, stack(0x000000891d900000,0x000000891da00000)]
  0x00000268ff431800 JavaThread "Attach Listener" daemon [_thread_blocked, id=14064, stack(0x000000891da00000,0x000000891db00000)]
  0x00000268ff432000 JavaThread "C2 CompilerThread0" daemon [_thread_in_native, id=12488, stack(0x000000891db00000,0x000000891dc00000)]
  0x00000268ff435000 JavaThread "C1 CompilerThread0" daemon [_thread_blocked, id=15700, stack(0x000000891dc00000,0x000000891dd00000)]
  0x00000268ff43b000 JavaThread "Sweeper thread" daemon [_thread_blocked, id=16208, stack(0x000000891dd00000,0x000000891de00000)]
  0x000002689b4e1800 JavaThread "Common-Cleaner" daemon [_thread_blocked, id=15832, stack(0x000000891de00000,0x000000891df00000)]
  0x000002689b648000 JavaThread "Monitor Ctrl-Break" daemon [_thread_in_native, id=8524, stack(0x000000891df00000,0x000000891e000000)]
  0x000002689b648800 JavaThread "Service Thread" daemon [_thread_blocked, id=15768, stack(0x000000891e000000,0x000000891e100000)]
=>0x000002689c59d800 JavaThread "C2 CompilerThread1" daemon [_thread_in_native, id=13740, stack(0x000000891e200000,0x000000891e300000)]

Other Threads:
  0x00000268ff3ee000 VMThread "VM Thread" [stack: 0x000000891d600000,0x000000891d700000] [id=9652]
  0x000002689b652800 WatcherThread [stack: 0x000000891e100000,0x000000891e200000] [id=9808]
  0x00000268fc312000 GCTaskThread "GC Thread#0" [stack: 0x000000891d100000,0x000000891d200000] [id=1932]
  0x000002689bed4800 GCTaskThread "GC Thread#1" [stack: 0x000000891e300000,0x000000891e400000] [id=16140]
  0x000002689be6b800 GCTaskThread "GC Thread#2" [stack: 0x000000891e400000,0x000000891e500000] [id=9828]
  0x00000268fc343800 ConcurrentGCThread "G1 Main Marker" [stack: 0x000000891d200000,0x000000891d300000] [id=13624]
  0x00000268fc345000 ConcurrentGCThread "G1 Conc#0" [stack: 0x000000891d300000,0x000000891d400000] [id=12508]
  0x00000268fc3be000 ConcurrentGCThread "G1 Refine#0" [stack: 0x000000891d400000,0x000000891d500000] [id=14688]
  0x00000268ff25b800 ConcurrentGCThread "G1 Young RemSet Sampling" [stack: 0x000000891d500000,0x000000891d600000] [id=9780]

Threads with active compile tasks:
C2 CompilerThread0   4361 1900   !   4       java.net.URL::<init> (543 bytes)
C2 CompilerThread1   4361 1881 %     4       sun.util.calendar.ZoneInfoFile::getZoneInfo @ 205 (1792 bytes)

VM state:not at safepoint (normal execution)

VM Mutex/Monitor currently owned by a thread:  ([mutex/lock_event])
[0x00000268fc2f2a70] SystemDictionary_lock - owner thread: 0x0000000000000000

Heap address: 0x0000000082000000, size: 2016 MB, Compressed Oops mode: 32-bit
Narrow klass base: 0x0000000000000000, Narrow klass shift: 3
Compressed class space size: 1073741824 Address: 0x0000000100000000

Heap:
 garbage-first heap   total 129024K, used 19854K [0x0000000082000000, 0x0000000100000000)
  region size 1024K, 15 young (15360K), 3 survivors (3072K)
 Metaspace       used 19559K, capacity 19966K, committed 20096K, reserved 1069056K
  class space    used 2012K, capacity 2171K, committed 2176K, reserved 1048576K
Heap Regions: E=young(eden), S=young(survivor), O=old, HS=humongous(starts), HC=humongous(continues), CS=collection set, F=free, A=archive, TAMS=top-at-mark-start (previous, next)
|   0|0x0000000082000000, 0x0000000082100000, 0x0000000082100000|100%| O|  |TAMS 0x0000000082000000, 0x0000000082000000| Untracked 
|   1|0x0000000082100000, 0x0000000082200000, 0x0000000082200000|100%| O|  |TAMS 0x0000000082100000, 0x0000000082100000| Untracked 
|   2|0x0000000082200000, 0x0000000082300000, 0x0000000082300000|100%| O|  |TAMS 0x0000000082200000, 0x0000000082200000| Untracked 
|   3|0x0000000082300000, 0x0000000082400000, 0x0000000082400000|100%| O|  |TAMS 0x0000000082300000, 0x0000000082300000| Untracked 
|   4|0x0000000082400000, 0x0000000082500000, 0x0000000082500000|100%| O|  |TAMS 0x0000000082400000, 0x0000000082400000| Untracked 
|   5|0x0000000082500000, 0x0000000082563800, 0x0000000082600000| 38%| O|  |TAMS 0x0000000082500000, 0x0000000082500000| Untracked 
|   6|0x0000000082600000, 0x0000000082600000, 0x0000000082700000|  0%| F|  |TAMS 0x0000000082600000, 0x0000000082600000| Untracked 
|   7|0x0000000082700000, 0x0000000082700000, 0x0000000082800000|  0%| F|  |TAMS 0x0000000082700000, 0x0000000082700000| Untracked 
|   8|0x0000000082800000, 0x0000000082800000, 0x0000000082900000|  0%| F|  |TAMS 0x0000000082800000, 0x0000000082800000| Untracked 
|   9|0x0000000082900000, 0x0000000082900000, 0x0000000082a00000|  0%| F|  |TAMS 0x0000000082900000, 0x0000000082900000| Untracked 
|  10|0x0000000082a00000, 0x0000000082a00000, 0x0000000082b00000|  0%| F|  |TAMS 0x0000000082a00000, 0x0000000082a00000| Untracked 
|  11|0x0000000082b00000, 0x0000000082b00000, 0x0000000082c00000|  0%| F|  |TAMS 0x0000000082b00000, 0x0000000082b00000| Untracked 
|  12|0x0000000082c00000, 0x0000000082c00000, 0x0000000082d00000|  0%| F|  |TAMS 0x0000000082c00000, 0x0000000082c00000| Untracked 
|  13|0x0000000082d00000, 0x0000000082d00000, 0x0000000082e00000|  0%| F|  |TAMS 0x0000000082d00000, 0x0000000082d00000| Untracked 
|  14|0x0000000082e00000, 0x0000000082e00000, 0x0000000082f00000|  0%| F|  |TAMS 0x0000000082e00000, 0x0000000082e00000| Untracked 
|  15|0x0000000082f00000, 0x0000000082f00000, 0x0000000083000000|  0%| F|  |TAMS 0x0000000082f00000, 0x0000000082f00000| Untracked 
|  16|0x0000000083000000, 0x0000000083000000, 0x0000000083100000|  0%| F|  |TAMS 0x0000000083000000, 0x0000000083000000| Untracked 
|  17|0x0000000083100000, 0x0000000083100000, 0x0000000083200000|  0%| F|  |TAMS 0x0000000083100000, 0x0000000083100000| Untracked 
|  18|0x0000000083200000, 0x0000000083200000, 0x0000000083300000|  0%| F|  |TAMS 0x0000000083200000, 0x0000000083200000| Untracked 
|  19|0x0000000083300000, 0x0000000083300000, 0x0000000083400000|  0%| F|  |TAMS 0x0000000083300000, 0x0000000083300000| Untracked 
|  20|0x0000000083400000, 0x0000000083400000, 0x0000000083500000|  0%| F|  |TAMS 0x0000000083400000, 0x0000000083400000| Untracked 
|  21|0x0000000083500000, 0x0000000083500000, 0x0000000083600000|  0%| F|  |TAMS 0x0000000083500000, 0x0000000083500000| Untracked 
|  22|0x0000000083600000, 0x0000000083600000, 0x0000000083700000|  0%| F|  |TAMS 0x0000000083600000, 0x0000000083600000| Untracked 
|  23|0x0000000083700000, 0x0000000083700000, 0x0000000083800000|  0%| F|  |TAMS 0x0000000083700000, 0x0000000083700000| Untracked 
|  24|0x0000000083800000, 0x0000000083800000, 0x0000000083900000|  0%| F|  |TAMS 0x0000000083800000, 0x0000000083800000| Untracked 
|  25|0x0000000083900000, 0x0000000083900000, 0x0000000083a00000|  0%| F|  |TAMS 0x0000000083900000, 0x0000000083900000| Untracked 
|  26|0x0000000083a00000, 0x0000000083a00000, 0x0000000083b00000|  0%| F|  |TAMS 0x0000000083a00000, 0x0000000083a00000| Untracked 
|  27|0x0000000083b00000, 0x0000000083b00000, 0x0000000083c00000|  0%| F|  |TAMS 0x0000000083b00000, 0x0000000083b00000| Untracked 
|  28|0x0000000083c00000, 0x0000000083c00000, 0x0000000083d00000|  0%| F|  |TAMS 0x0000000083c00000, 0x0000000083c00000| Untracked 
|  29|0x0000000083d00000, 0x0000000083d00000, 0x0000000083e00000|  0%| F|  |TAMS 0x0000000083d00000, 0x0000000083d00000| Untracked 
|  30|0x0000000083e00000, 0x0000000083e00000, 0x0000000083f00000|  0%| F|  |TAMS 0x0000000083e00000, 0x0000000083e00000| Untracked 
|  31|0x0000000083f00000, 0x0000000083f00000, 0x0000000084000000|  0%| F|  |TAMS 0x0000000083f00000, 0x0000000083f00000| Untracked 
|  32|0x0000000084000000, 0x0000000084000000, 0x0000000084100000|  0%| F|  |TAMS 0x0000000084000000, 0x0000000084000000| Untracked 
|  33|0x0000000084100000, 0x0000000084100000, 0x0000000084200000|  0%| F|  |TAMS 0x0000000084100000, 0x0000000084100000| Untracked 
|  34|0x0000000084200000, 0x0000000084200000, 0x0000000084300000|  0%| F|  |TAMS 0x0000000084200000, 0x0000000084200000| Untracked 
|  35|0x0000000084300000, 0x0000000084300000, 0x0000000084400000|  0%| F|  |TAMS 0x0000000084300000, 0x0000000084300000| Untracked 
|  36|0x0000000084400000, 0x0000000084400000, 0x0000000084500000|  0%| F|  |TAMS 0x0000000084400000, 0x0000000084400000| Untracked 
|  37|0x0000000084500000, 0x0000000084500000, 0x0000000084600000|  0%| F|  |TAMS 0x0000000084500000, 0x0000000084500000| Untracked 
|  38|0x0000000084600000, 0x0000000084600000, 0x0000000084700000|  0%| F|  |TAMS 0x0000000084600000, 0x0000000084600000| Untracked 
|  39|0x0000000084700000, 0x0000000084700000, 0x0000000084800000|  0%| F|  |TAMS 0x0000000084700000, 0x0000000084700000| Untracked 
|  40|0x0000000084800000, 0x0000000084800000, 0x0000000084900000|  0%| F|  |TAMS 0x0000000084800000, 0x0000000084800000| Untracked 
|  41|0x0000000084900000, 0x0000000084900000, 0x0000000084a00000|  0%| F|  |TAMS 0x0000000084900000, 0x0000000084900000| Untracked 
|  42|0x0000000084a00000, 0x0000000084a00000, 0x0000000084b00000|  0%| F|  |TAMS 0x0000000084a00000, 0x0000000084a00000| Untracked 
|  43|0x0000000084b00000, 0x0000000084b00000, 0x0000000084c00000|  0%| F|  |TAMS 0x0000000084b00000, 0x0000000084b00000| Untracked 
|  44|0x0000000084c00000, 0x0000000084c00000, 0x0000000084d00000|  0%| F|  |TAMS 0x0000000084c00000, 0x0000000084c00000| Untracked 
|  45|0x0000000084d00000, 0x0000000084d00000, 0x0000000084e00000|  0%| F|  |TAMS 0x0000000084d00000, 0x0000000084d00000| Untracked 
|  46|0x0000000084e00000, 0x0000000084e00000, 0x0000000084f00000|  0%| F|  |TAMS 0x0000000084e00000, 0x0000000084e00000| Untracked 
|  47|0x0000000084f00000, 0x0000000084f00000, 0x0000000085000000|  0%| F|  |TAMS 0x0000000084f00000, 0x0000000084f00000| Untracked 
|  48|0x0000000085000000, 0x0000000085000000, 0x0000000085100000|  0%| F|  |TAMS 0x0000000085000000, 0x0000000085000000| Untracked 
|  49|0x0000000085100000, 0x0000000085100000, 0x0000000085200000|  0%| F|  |TAMS 0x0000000085100000, 0x0000000085100000| Untracked 
|  50|0x0000000085200000, 0x0000000085200000, 0x0000000085300000|  0%| F|  |TAMS 0x0000000085200000, 0x0000000085200000| Untracked 
|  51|0x0000000085300000, 0x0000000085300000, 0x0000000085400000|  0%| F|  |TAMS 0x0000000085300000, 0x0000000085300000| Untracked 
|  52|0x0000000085400000, 0x0000000085400000, 0x0000000085500000|  0%| F|  |TAMS 0x0000000085400000, 0x0000000085400000| Untracked 
|  53|0x0000000085500000, 0x0000000085500000, 0x0000000085600000|  0%| F|  |TAMS 0x0000000085500000, 0x0000000085500000| Untracked 
|  54|0x0000000085600000, 0x0000000085600000, 0x0000000085700000|  0%| F|  |TAMS 0x0000000085600000, 0x0000000085600000| Untracked 
|  55|0x0000000085700000, 0x0000000085700000, 0x0000000085800000|  0%| F|  |TAMS 0x0000000085700000, 0x0000000085700000| Untracked 
|  56|0x0000000085800000, 0x0000000085800000, 0x0000000085900000|  0%| F|  |TAMS 0x0000000085800000, 0x0000000085800000| Untracked 
|  57|0x0000000085900000, 0x0000000085900000, 0x0000000085a00000|  0%| F|  |TAMS 0x0000000085900000, 0x0000000085900000| Untracked 
|  58|0x0000000085a00000, 0x0000000085a00000, 0x0000000085b00000|  0%| F|  |TAMS 0x0000000085a00000, 0x0000000085a00000| Untracked 
|  59|0x0000000085b00000, 0x0000000085b00000, 0x0000000085c00000|  0%| F|  |TAMS 0x0000000085b00000, 0x0000000085b00000| Untracked 
|  60|0x0000000085c00000, 0x0000000085c00000, 0x0000000085d00000|  0%| F|  |TAMS 0x0000000085c00000, 0x0000000085c00000| Untracked 
|  61|0x0000000085d00000, 0x0000000085d00000, 0x0000000085e00000|  0%| F|  |TAMS 0x0000000085d00000, 0x0000000085d00000| Untracked 
|  62|0x0000000085e00000, 0x0000000085e00000, 0x0000000085f00000|  0%| F|  |TAMS 0x0000000085e00000, 0x0000000085e00000| Untracked 
|  63|0x0000000085f00000, 0x0000000085f00000, 0x0000000086000000|  0%| F|  |TAMS 0x0000000085f00000, 0x0000000085f00000| Untracked 
|  64|0x0000000086000000, 0x0000000086000000, 0x0000000086100000|  0%| F|  |TAMS 0x0000000086000000, 0x0000000086000000| Untracked 
|  65|0x0000000086100000, 0x0000000086100000, 0x0000000086200000|  0%| F|  |TAMS 0x0000000086100000, 0x0000000086100000| Untracked 
|  66|0x0000000086200000, 0x0000000086200000, 0x0000000086300000|  0%| F|  |TAMS 0x0000000086200000, 0x0000000086200000| Untracked 
|  67|0x0000000086300000, 0x0000000086300000, 0x0000000086400000|  0%| F|  |TAMS 0x0000000086300000, 0x0000000086300000| Untracked 
|  68|0x0000000086400000, 0x0000000086400000, 0x0000000086500000|  0%| F|  |TAMS 0x0000000086400000, 0x0000000086400000| Untracked 
|  69|0x0000000086500000, 0x0000000086500000, 0x0000000086600000|  0%| F|  |TAMS 0x0000000086500000, 0x0000000086500000| Untracked 
|  70|0x0000000086600000, 0x0000000086600000, 0x0000000086700000|  0%| F|  |TAMS 0x0000000086600000, 0x0000000086600000| Untracked 
|  71|0x0000000086700000, 0x0000000086700000, 0x0000000086800000|  0%| F|  |TAMS 0x0000000086700000, 0x0000000086700000| Untracked 
|  72|0x0000000086800000, 0x0000000086800000, 0x0000000086900000|  0%| F|  |TAMS 0x0000000086800000, 0x0000000086800000| Untracked 
|  73|0x0000000086900000, 0x0000000086900000, 0x0000000086a00000|  0%| F|  |TAMS 0x0000000086900000, 0x0000000086900000| Untracked 
|  74|0x0000000086a00000, 0x0000000086a00000, 0x0000000086b00000|  0%| F|  |TAMS 0x0000000086a00000, 0x0000000086a00000| Untracked 
|  75|0x0000000086b00000, 0x0000000086b00000, 0x0000000086c00000|  0%| F|  |TAMS 0x0000000086b00000, 0x0000000086b00000| Untracked 
|  76|0x0000000086c00000, 0x0000000086c00000, 0x0000000086d00000|  0%| F|  |TAMS 0x0000000086c00000, 0x0000000086c00000| Untracked 
|  77|0x0000000086d00000, 0x0000000086d00000, 0x0000000086e00000|  0%| F|  |TAMS 0x0000000086d00000, 0x0000000086d00000| Untracked 
|  78|0x0000000086e00000, 0x0000000086e00000, 0x0000000086f00000|  0%| F|  |TAMS 0x0000000086e00000, 0x0000000086e00000| Untracked 
|  79|0x0000000086f00000, 0x0000000086f00000, 0x0000000087000000|  0%| F|  |TAMS 0x0000000086f00000, 0x0000000086f00000| Untracked 
|  80|0x0000000087000000, 0x0000000087000000, 0x0000000087100000|  0%| F|  |TAMS 0x0000000087000000, 0x0000000087000000| Untracked 
|  81|0x0000000087100000, 0x0000000087100000, 0x0000000087200000|  0%| F|  |TAMS 0x0000000087100000, 0x0000000087100000| Untracked 
|  82|0x0000000087200000, 0x0000000087200000, 0x0000000087300000|  0%| F|  |TAMS 0x0000000087200000, 0x0000000087200000| Untracked 
|  83|0x0000000087300000, 0x0000000087300000, 0x0000000087400000|  0%| F|  |TAMS 0x0000000087300000, 0x0000000087300000| Untracked 
|  84|0x0000000087400000, 0x0000000087400000, 0x0000000087500000|  0%| F|  |TAMS 0x0000000087400000, 0x0000000087400000| Untracked 
|  85|0x0000000087500000, 0x0000000087500000, 0x0000000087600000|  0%| F|  |TAMS 0x0000000087500000, 0x0000000087500000| Untracked 
|  86|0x0000000087600000, 0x0000000087600000, 0x0000000087700000|  0%| F|  |TAMS 0x0000000087600000, 0x0000000087600000| Untracked 
|  87|0x0000000087700000, 0x0000000087700000, 0x0000000087800000|  0%| F|  |TAMS 0x0000000087700000, 0x0000000087700000| Untracked 
|  88|0x0000000087800000, 0x0000000087800000, 0x0000000087900000|  0%| F|  |TAMS 0x0000000087800000, 0x0000000087800000| Untracked 
|  89|0x0000000087900000, 0x0000000087900000, 0x0000000087a00000|  0%| F|  |TAMS 0x0000000087900000, 0x0000000087900000| Untracked 
|  90|0x0000000087a00000, 0x0000000087a00000, 0x0000000087b00000|  0%| F|  |TAMS 0x0000000087a00000, 0x0000000087a00000| Untracked 
|  91|0x0000000087b00000, 0x0000000087b00000, 0x0000000087c00000|  0%| F|  |TAMS 0x0000000087b00000, 0x0000000087b00000| Untracked 
|  92|0x0000000087c00000, 0x0000000087c00000, 0x0000000087d00000|  0%| F|  |TAMS 0x0000000087c00000, 0x0000000087c00000| Untracked 
|  93|0x0000000087d00000, 0x0000000087d00000, 0x0000000087e00000|  0%| F|  |TAMS 0x0000000087d00000, 0x0000000087d00000| Untracked 
|  94|0x0000000087e00000, 0x0000000087e00000, 0x0000000087f00000|  0%| F|  |TAMS 0x0000000087e00000, 0x0000000087e00000| Untracked 
|  95|0x0000000087f00000, 0x0000000087f00000, 0x0000000088000000|  0%| F|  |TAMS 0x0000000087f00000, 0x0000000087f00000| Untracked 
|  96|0x0000000088000000, 0x0000000088000000, 0x0000000088100000|  0%| F|  |TAMS 0x0000000088000000, 0x0000000088000000| Untracked 
|  97|0x0000000088100000, 0x0000000088100000, 0x0000000088200000|  0%| F|  |TAMS 0x0000000088100000, 0x0000000088100000| Untracked 
|  98|0x0000000088200000, 0x0000000088200000, 0x0000000088300000|  0%| F|  |TAMS 0x0000000088200000, 0x0000000088200000| Untracked 
|  99|0x0000000088300000, 0x0000000088400000, 0x0000000088400000|100%| S|CS|TAMS 0x0000000088300000, 0x0000000088300000| Complete 
| 100|0x0000000088400000, 0x0000000088500000, 0x0000000088500000|100%| S|CS|TAMS 0x0000000088400000, 0x0000000088400000| Complete 
| 101|0x0000000088500000, 0x0000000088600000, 0x0000000088600000|100%| S|CS|TAMS 0x0000000088500000, 0x0000000088500000| Complete 
| 102|0x0000000088600000, 0x0000000088600000, 0x0000000088700000|  0%| F|  |TAMS 0x0000000088600000, 0x0000000088600000| Untracked 
| 103|0x0000000088700000, 0x0000000088700000, 0x0000000088800000|  0%| F|  |TAMS 0x0000000088700000, 0x0000000088700000| Untracked 
| 104|0x0000000088800000, 0x0000000088800000, 0x0000000088900000|  0%| F|  |TAMS 0x0000000088800000, 0x0000000088800000| Untracked 
| 105|0x0000000088900000, 0x0000000088900000, 0x0000000088a00000|  0%| F|  |TAMS 0x0000000088900000, 0x0000000088900000| Untracked 
| 106|0x0000000088a00000, 0x0000000088a00000, 0x0000000088b00000|  0%| F|  |TAMS 0x0000000088a00000, 0x0000000088a00000| Untracked 
| 107|0x0000000088b00000, 0x0000000088b00000, 0x0000000088c00000|  0%| F|  |TAMS 0x0000000088b00000, 0x0000000088b00000| Untracked 
| 108|0x0000000088c00000, 0x0000000088c00000, 0x0000000088d00000|  0%| F|  |TAMS 0x0000000088c00000, 0x0000000088c00000| Untracked 
| 109|0x0000000088d00000, 0x0000000088d00000, 0x0000000088e00000|  0%| F|  |TAMS 0x0000000088d00000, 0x0000000088d00000| Untracked 
| 110|0x0000000088e00000, 0x0000000088e00000, 0x0000000088f00000|  0%| F|  |TAMS 0x0000000088e00000, 0x0000000088e00000| Untracked 
| 111|0x0000000088f00000, 0x0000000088f00000, 0x0000000089000000|  0%| F|  |TAMS 0x0000000088f00000, 0x0000000088f00000| Untracked 
| 112|0x0000000089000000, 0x0000000089000000, 0x0000000089100000|  0%| F|  |TAMS 0x0000000089000000, 0x0000000089000000| Untracked 
| 113|0x0000000089100000, 0x0000000089100000, 0x0000000089200000|  0%| F|  |TAMS 0x0000000089100000, 0x0000000089100000| Untracked 
| 114|0x0000000089200000, 0x0000000089286758, 0x0000000089300000| 52%| E|  |TAMS 0x0000000089200000, 0x0000000089200000| Complete 
| 115|0x0000000089300000, 0x0000000089400000, 0x0000000089400000|100%| E|CS|TAMS 0x0000000089300000, 0x0000000089300000| Complete 
| 116|0x0000000089400000, 0x0000000089500000, 0x0000000089500000|100%| E|CS|TAMS 0x0000000089400000, 0x0000000089400000| Complete 
| 117|0x0000000089500000, 0x0000000089600000, 0x0000000089600000|100%| E|CS|TAMS 0x0000000089500000, 0x0000000089500000| Complete 
| 118|0x0000000089600000, 0x0000000089700000, 0x0000000089700000|100%| E|CS|TAMS 0x0000000089600000, 0x0000000089600000| Complete 
| 119|0x0000000089700000, 0x0000000089800000, 0x0000000089800000|100%| E|CS|TAMS 0x0000000089700000, 0x0000000089700000| Complete 
| 120|0x0000000089800000, 0x0000000089900000, 0x0000000089900000|100%| E|CS|TAMS 0x0000000089800000, 0x0000000089800000| Complete 
| 121|0x0000000089900000, 0x0000000089a00000, 0x0000000089a00000|100%| E|CS|TAMS 0x0000000089900000, 0x0000000089900000| Complete 
| 122|0x0000000089a00000, 0x0000000089b00000, 0x0000000089b00000|100%| E|CS|TAMS 0x0000000089a00000, 0x0000000089a00000| Complete 
| 123|0x0000000089b00000, 0x0000000089c00000, 0x0000000089c00000|100%| E|CS|TAMS 0x0000000089b00000, 0x0000000089b00000| Complete 
| 124|0x0000000089c00000, 0x0000000089d00000, 0x0000000089d00000|100%| E|CS|TAMS 0x0000000089c00000, 0x0000000089c00000| Complete 
| 125|0x0000000089d00000, 0x0000000089e00000, 0x0000000089e00000|100%| E|CS|TAMS 0x0000000089d00000, 0x0000000089d00000| Complete 

Card table byte_map: [0x00000268fc7b0000,0x00000268fcba0000] _byte_map_base: 0x00000268fc3a0000

Marking Bits (Prev, Next): (CMBitMap*) 0x00000268fc33af68, (CMBitMap*) 0x00000268fc33afa0
 Prev Bits: [0x00000268fcf90000, 0x00000268fef10000)
 Next Bits: [0x00000268973b0000, 0x0000026899330000)

Polling page: 0x00000268fa240000

Metaspace:

Usage:
  Non-class:     17.38 MB capacity,    17.16 MB ( 99%) used,   178.77 KB (  1%) free+waste,    42.13 KB ( <1%) overhead. 
      Class:      2.15 MB capacity,     1.97 MB ( 92%) used,   160.87 KB (  7%) free+waste,    20.00 KB ( <1%) overhead. 
       Both:     19.53 MB capacity,    19.14 MB ( 98%) used,   339.63 KB (  2%) free+waste,    62.13 KB ( <1%) overhead. 

Virtual space:
  Non-class space:       20.00 MB reserved,      17.50 MB ( 88%) committed 
      Class space:        1.00 GB reserved,       2.25 MB ( <1%) committed 
             Both:        1.02 GB reserved,      19.75 MB (  2%) committed 

Chunk freelists:
   Non-Class:  7.63 KB
       Class:  640 bytes
        Both:  8.25 KB

CodeHeap 'non-profiled nmethods': size=120064Kb used=695Kb max_used=695Kb free=119369Kb
 bounds [0x000002688fe70000, 0x00000268900e0000, 0x00000268973b0000]
CodeHeap 'profiled nmethods': size=120000Kb used=4156Kb max_used=4156Kb free=115843Kb
 bounds [0x0000026888940000, 0x0000026888d50000, 0x000002688fe70000]
CodeHeap 'non-nmethods': size=5696Kb used=1126Kb max_used=1147Kb free=4569Kb
 bounds [0x00000268883b0000, 0x0000026888620000, 0x0000026888940000]
 total_blobs=2370 nmethods=1920 adapters=361
 compilation: enabled
              stopped_count=0, restarted_count=0
 full_count=0

Compilation events (10 events):
Event: 4.297 Thread 0x00000268ff435000 1915       3       java.lang.invoke.MemberName::<init> (131 bytes)
Event: 4.299 Thread 0x00000268ff435000 nmethod 1915 0x0000026888d46910 code [0x0000026888d46c60, 0x0000026888d48058]
Event: 4.299 Thread 0x00000268ff435000 1916       3       java.lang.invoke.DirectMethodHandle$Holder::invokeStatic (14 bytes)
Event: 4.299 Thread 0x00000268ff435000 nmethod 1916 0x0000026888d48610 code [0x0000026888d487e0, 0x0000026888d48cd8]
Event: 4.325 Thread 0x00000268ff435000 1917       3       java.lang.invoke.MemberName::hashCode (43 bytes)
Event: 4.326 Thread 0x00000268ff435000 nmethod 1917 0x0000026888d48e10 code [0x0000026888d49080, 0x0000026888d49d28]
Event: 4.326 Thread 0x00000268ff435000 1918       3       java.lang.Byte::hashCode (8 bytes)
Event: 4.326 Thread 0x00000268ff435000 nmethod 1918 0x0000026888d4a090 code [0x0000026888d4a240, 0x0000026888d4a398]
Event: 4.326 Thread 0x00000268ff435000 1919       3       java.lang.Byte::hashCode (2 bytes)
Event: 4.326 Thread 0x00000268ff435000 nmethod 1919 0x0000026888d4a490 code [0x0000026888d4a620, 0x0000026888d4a6f8]

GC Heap History (6 events):
Event: 1.514 GC heap before
{Heap before GC invocations=0 (full 0):
 garbage-first heap   total 129024K, used 13312K [0x0000000082000000, 0x0000000100000000)
  region size 1024K, 14 young (14336K), 0 survivors (0K)
 Metaspace       used 10340K, capacity 10571K, committed 10880K, reserved 1058816K
  class space    used 980K, capacity 1056K, committed 1152K, reserved 1048576K
}
Event: 1.522 GC heap after
{Heap after GC invocations=1 (full 0):
 garbage-first heap   total 129024K, used 5016K [0x0000000082000000, 0x0000000100000000)
  region size 1024K, 2 young (2048K), 2 survivors (2048K)
 Metaspace       used 10340K, capacity 10571K, committed 10880K, reserved 1058816K
  class space    used 980K, capacity 1056K, committed 1152K, reserved 1048576K
}
Event: 2.347 GC heap before
{Heap before GC invocations=1 (full 0):
 garbage-first heap   total 129024K, used 11160K [0x0000000082000000, 0x0000000100000000)
  region size 1024K, 8 young (8192K), 2 survivors (2048K)
 Metaspace       used 12011K, capacity 12250K, committed 12544K, reserved 1060864K
  class space    used 1182K, capacity 1235K, committed 1280K, reserved 1048576K
}
Event: 2.351 GC heap after
{Heap after GC invocations=2 (full 0):
 garbage-first heap   total 129024K, used 5718K [0x0000000082000000, 0x0000000100000000)
  region size 1024K, 1 young (1024K), 1 survivors (1024K)
 Metaspace       used 12011K, capacity 12250K, committed 12544K, reserved 1060864K
  class space    used 1182K, capacity 1235K, committed 1280K, reserved 1048576K
}
Event: 4.020 GC heap before
{Heap before GC invocations=2 (full 0):
 garbage-first heap   total 129024K, used 29270K [0x0000000082000000, 0x0000000100000000)
  region size 1024K, 24 young (24576K), 1 survivors (1024K)
 Metaspace       used 18532K, capacity 19001K, committed 19328K, reserved 1067008K
  class space    used 1906K, capacity 2081K, committed 2176K, reserved 1048576K
}
Event: 4.027 GC heap after
{Heap after GC invocations=3 (full 0):
 garbage-first heap   total 129024K, used 8590K [0x0000000082000000, 0x0000000100000000)
  region size 1024K, 3 young (3072K), 3 survivors (3072K)
 Metaspace       used 18532K, capacity 19001K, committed 19328K, reserved 1067008K
  class space    used 1906K, capacity 2081K, committed 2176K, reserved 1048576K
}

Deoptimization events (10 events):
Event: 2.464 Thread 0x00000268fc2fc800 Uncommon trap: reason=bimorphic_or_optimized_type_check action=maybe_recompile pc=0x000002688fe9be7c method=java.util.HashMap.putVal(ILjava/lang/Object;Ljava/lang/Object;ZZ)Ljava/lang/Object; @ 91 c2
Event: 3.663 Thread 0x00000268fc2fc800 Uncommon trap: reason=profile_predicate action=maybe_recompile pc=0x000002688feea85c method=java.lang.Integer.parseInt(Ljava/lang/String;I)I @ 176 c2
Event: 3.663 Thread 0x00000268fc2fc800 Uncommon trap: reason=profile_predicate action=maybe_recompile pc=0x000002688feea85c method=java.lang.Integer.parseInt(Ljava/lang/String;I)I @ 176 c2
Event: 3.664 Thread 0x00000268fc2fc800 Uncommon trap: reason=profile_predicate action=maybe_recompile pc=0x000002688feea85c method=java.lang.Integer.parseInt(Ljava/lang/String;I)I @ 176 c2
Event: 3.664 Thread 0x00000268fc2fc800 Uncommon trap: reason=profile_predicate action=maybe_recompile pc=0x000002688feea85c method=java.lang.Integer.parseInt(Ljava/lang/String;I)I @ 176 c2
Event: 4.018 Thread 0x00000268fc2fc800 Uncommon trap: reason=unstable_if action=reinterpret pc=0x000002688ff066e0 method=java.lang.String.indexOf(Ljava/lang/String;)I @ 8 c2
Event: 4.038 Thread 0x00000268fc2fc800 Uncommon trap: reason=unstable_if action=reinterpret pc=0x000002688fee5074 method=java.util.concurrent.ConcurrentHashMap.putVal(Ljava/lang/Object;Ljava/lang/Object;Z)Ljava/lang/Object; @ 245 c2
Event: 4.045 Thread 0x00000268fc2fc800 Uncommon trap: reason=unstable_if action=reinterpret pc=0x000002688fef6b58 method=java.util.concurrent.ConcurrentHashMap.transfer([Ljava/util/concurrent/ConcurrentHashMap$Node;[Ljava/util/concurrent/ConcurrentHashMap$Node;)V @ 352 c2
Event: 4.102 Thread 0x00000268fc2fc800 Uncommon trap: reason=unstable_if action=reinterpret pc=0x000002688fee7e64 method=java.lang.CharacterDataLatin1.digit(II)I @ 7 c2
Event: 4.102 Thread 0x00000268fc2fc800 Uncommon trap: reason=unstable_if action=reinterpret pc=0x000002688fee8238 method=java.lang.CharacterDataLatin1.digit(II)I @ 7 c2

Classes redefined (0 events):
No events

Internal exceptions (10 events):
Event: 2.944 Thread 0x00000268fc2fc800 Exception <a 'java/lang/NoSuchMethodError'{0x00000000895bd140}: java.lang.invoke.Invokers$Holder.linkToTargetMethod(Ljava/lang/Object;Ljava/lang/Object;Ljava/lang/Object;Ljava/lang/Object;Ljava/lang/Object;Ljava/lang/Object;Ljava/lang/Object;Ljava/lang/Ob
Event: 2.989 Thread 0x00000268fc2fc800 Exception <a 'java/lang/NoSuchMethodError'{0x00000000895f1450}: java.lang.invoke.DirectMethodHandle$Holder.invokeStaticInit(Ljava/lang/Object;Ljava/lang/Object;Ljava/lang/Object;)Ljava/lang/Object;> (0x00000000895f1450) thrown at [./open/src/hotspot/share
Event: 3.097 Thread 0x00000268fc2fc800 Exception <a 'java/lang/NoSuchMethodError'{0x000000008949d9d8}: java.lang.invoke.DirectMethodHandle$Holder.invokeSpecialIFC(Ljava/lang/Object;Ljava/lang/Object;I)I> (0x000000008949d9d8) thrown at [./open/src/hotspot/share/interpreter/linkResolver.cpp, lin
Event: 3.679 Thread 0x00000268fc2fc800 Exception <a 'sun/nio/fs/WindowsException'{0x0000000088c3a0f0}> (0x0000000088c3a0f0) thrown at [./open/src/hotspot/share/prims/jni.cpp, line 611]
Event: 3.700 Thread 0x00000268fc2fc800 Exception <a 'java/lang/NoSuchMethodError'{0x0000000088c65988}: java.lang.invoke.DirectMethodHandle$Holder.invokeStaticInit(Ljava/lang/Object;Ljava/lang/Object;Ljava/lang/Object;Ljava/lang/Object;)I> (0x0000000088c65988) thrown at [./open/src/hotspot/shar
Event: 3.702 Thread 0x00000268fc2fc800 Exception <a 'java/lang/IncompatibleClassChangeError'{0x0000000088c6ecd8}: Found class java.lang.Object, but interface was expected> (0x0000000088c6ecd8) thrown at [./open/src/hotspot/share/interpreter/linkResolver.cpp, line 838]
Event: 3.703 Thread 0x00000268fc2fc800 Exception <a 'java/lang/NoSuchMethodError'{0x0000000088c72090}: java.lang.invoke.DirectMethodHandle$Holder.invokeStaticInit(Ljava/lang/Object;Ljava/lang/Object;)V> (0x0000000088c72090) thrown at [./open/src/hotspot/share/interpreter/linkResolver.cpp, line
Event: 4.095 Thread 0x00000268fc2fc800 Exception <a 'java/lang/NoSuchMethodError'{0x0000000089c41a70}: java.lang.invoke.DirectMethodHandle$Holder.invokeVirtual(Ljava/lang/Object;Ljava/lang/Object;Ljava/lang/Object;)Ljava/lang/Object;> (0x0000000089c41a70) thrown at [./open/src/hotspot/share/in
Event: 4.289 Thread 0x00000268fc2fc800 Exception <a 'java/lang/NoSuchMethodError'{0x000000008947f570}: java.lang.invoke.DirectMethodHandle$Holder.invokeVirtual(Ljava/lang/Object;Ljava/lang/Object;Ljava/lang/Object;Ljava/lang/Object;)V> (0x000000008947f570) thrown at [./open/src/hotspot/share/i
Event: 4.297 Thread 0x00000268fc2fc800 Exception <a 'java/lang/NoSuchMethodError'{0x00000000894b3578}: java.lang.invoke.DirectMethodHandle$Holder.invokeInterface(Ljava/lang/Object;Ljava/lang/Object;Ljava/lang/Object;Ljava/lang/Object;)Ljava/lang/Object;> (0x00000000894b3578) thrown at [./open/

Events (10 events):
Event: 4.323 loading class com/google/common/collect/ObjectArrays
Event: 4.323 loading class com/google/common/collect/ObjectArrays done
Event: 4.324 loading class java/util/stream/Streams$ConcatSpliterator$OfRef
Event: 4.324 loading class java/util/stream/Streams$ConcatSpliterator
Event: 4.325 loading class java/util/stream/Streams$ConcatSpliterator done
Event: 4.325 loading class java/util/stream/Streams$ConcatSpliterator$OfRef done
Event: 4.325 loading class java/util/stream/StreamSpliterators$WrappingSpliterator
Event: 4.326 loading class java/util/stream/StreamSpliterators$AbstractWrappingSpliterator
Event: 4.326 loading class java/util/stream/StreamSpliterators$AbstractWrappingSpliterator done
Event: 4.326 loading class java/util/stream/StreamSpliterators$WrappingSpliterator done


Dynamic libraries:
0x00007ff7bbcb0000 - 0x00007ff7bbcbf000 	C:\Program Files\Java\jdk-11.0.10\bin\java.exe
0x00007ff83e6c0000 - 0x00007ff83e8b0000 	C:\WINDOWS\SYSTEM32\ntdll.dll
0x00007ff83d9a0000 - 0x00007ff83da52000 	C:\WINDOWS\System32\KERNEL32.DLL
0x00007ff83c360000 - 0x00007ff83c603000 	C:\WINDOWS\System32\KERNELBASE.dll
0x00007ff83c210000 - 0x00007ff83c30a000 	C:\WINDOWS\System32\ucrtbase.dll
0x00007ff82a8e0000 - 0x00007ff82a8f8000 	C:\Program Files\Java\jdk-11.0.10\bin\jli.dll
0x00007ff83de50000 - 0x00007ff83def3000 	C:\WINDOWS\System32\ADVAPI32.dll
0x00007ff83d480000 - 0x00007ff83d51e000 	C:\WINDOWS\System32\msvcrt.dll
0x00007ff83e5e0000 - 0x00007ff83e677000 	C:\WINDOWS\System32\sechost.dll
0x00007ff83d7b0000 - 0x00007ff83d8d0000 	C:\WINDOWS\System32\RPCRT4.dll
0x00007ff83dc00000 - 0x00007ff83dd94000 	C:\WINDOWS\System32\USER32.dll
0x00007ff83c310000 - 0x00007ff83c331000 	C:\WINDOWS\System32\win32u.dll
0x00007ff83df10000 - 0x00007ff83df36000 	C:\WINDOWS\System32\GDI32.dll
0x00007ff83c070000 - 0x00007ff83c204000 	C:\WINDOWS\System32\gdi32full.dll
0x00007ff83b7a0000 - 0x00007ff83b83e000 	C:\WINDOWS\System32\msvcp_win.dll
0x00007ff82a900000 - 0x00007ff82a915000 	C:\Program Files\Java\jdk-11.0.10\bin\VCRUNTIME140.dll
0x00007ff82c760000 - 0x00007ff82c9e5000 	C:\WINDOWS\WinSxS\amd64_microsoft.windows.common-controls_6595b64144ccf1df_6.0.18362.778_none_e6c6b761130d4fb8\COMCTL32.dll
0x00007ff83e2a0000 - 0x00007ff83e5d6000 	C:\WINDOWS\System32\combase.dll
0x00007ff83c6f0000 - 0x00007ff83c770000 	C:\WINDOWS\System32\bcryptPrimitives.dll
0x00007ff83a5c0000 - 0x00007ff83a5ca000 	C:\WINDOWS\SYSTEM32\VERSION.dll
0x00007ff83da70000 - 0x00007ff83da9e000 	C:\WINDOWS\System32\IMM32.DLL
0x00007ff821890000 - 0x00007ff82192b000 	C:\Program Files\Java\jdk-11.0.10\bin\msvcp140.dll
0x00007ff802700000 - 0x00007ff8031fb000 	C:\Program Files\Java\jdk-11.0.10\bin\server\jvm.dll
0x00007ff83df00000 - 0x00007ff83df08000 	C:\WINDOWS\System32\PSAPI.DLL
0x00007ff8217c0000 - 0x00007ff8217c9000 	C:\WINDOWS\SYSTEM32\WSOCK32.dll
0x00007ff83daa0000 - 0x00007ff83db0f000 	C:\WINDOWS\System32\WS2_32.dll
0x00007ff839440000 - 0x00007ff839464000 	C:\WINDOWS\SYSTEM32\WINMM.dll
0x00007ff839410000 - 0x00007ff83943d000 	C:\WINDOWS\SYSTEM32\WINMMBASE.dll
0x00007ff83c6a0000 - 0x00007ff83c6ea000 	C:\WINDOWS\System32\cfgmgr32.dll
0x00007ff83b5e0000 - 0x00007ff83b5f1000 	C:\WINDOWS\System32\kernel.appcore.dll
0x00007ff834dc0000 - 0x00007ff834dd0000 	C:\Program Files\Java\jdk-11.0.10\bin\verify.dll
0x00007ff8269f0000 - 0x00007ff826be4000 	C:\WINDOWS\SYSTEM32\DBGHELP.DLL
0x00007ff8269c0000 - 0x00007ff8269ea000 	C:\WINDOWS\SYSTEM32\dbgcore.DLL
0x00007ff82a8b0000 - 0x00007ff82a8d8000 	C:\Program Files\Java\jdk-11.0.10\bin\java.dll
0x00007ff834590000 - 0x00007ff83459a000 	C:\Program Files\Java\jdk-11.0.10\bin\jimage.dll
0x00007ff839500000 - 0x00007ff83950e000 	C:\Program Files\Java\jdk-11.0.10\bin\instrument.dll
0x00007ff82a890000 - 0x00007ff82a8a6000 	C:\Program Files\Java\jdk-11.0.10\bin\zip.dll
0x00007ff83c770000 - 0x00007ff83ce55000 	C:\WINDOWS\System32\SHELL32.dll
0x00007ff83e1f0000 - 0x00007ff83e299000 	C:\WINDOWS\System32\shcore.dll
0x00007ff83b840000 - 0x00007ff83bfc0000 	C:\WINDOWS\System32\windows.storage.dll
0x00007ff83b600000 - 0x00007ff83b623000 	C:\WINDOWS\System32\profapi.dll
0x00007ff83b590000 - 0x00007ff83b5da000 	C:\WINDOWS\System32\powrprof.dll
0x00007ff83b580000 - 0x00007ff83b590000 	C:\WINDOWS\System32\UMPDC.dll
0x00007ff83d750000 - 0x00007ff83d7a2000 	C:\WINDOWS\System32\shlwapi.dll
0x00007ff83c340000 - 0x00007ff83c357000 	C:\WINDOWS\System32\cryptsp.dll
0x00007ff821810000 - 0x00007ff821829000 	C:\Program Files\Java\jdk-11.0.10\bin\net.dll
0x00007ff830070000 - 0x00007ff830160000 	C:\WINDOWS\SYSTEM32\WINHTTP.dll
0x00007ff83ad90000 - 0x00007ff83adf7000 	C:\WINDOWS\system32\mswsock.dll
0x00007ff8217f0000 - 0x00007ff821802000 	C:\Program Files\Java\jdk-11.0.10\bin\nio.dll
0x00007ff82d5a0000 - 0x00007ff82d5ba000 	C:\Program Files\JetBrains\IntelliJ IDEA Community Edition 2020.3\bin\breakgen64.dll
0x00007ff83a900000 - 0x00007ff83a933000 	C:\WINDOWS\system32\rsaenh.dll
0x00007ff83c670000 - 0x00007ff83c696000 	C:\WINDOWS\System32\bcrypt.dll
0x00007ff83b4a0000 - 0x00007ff83b4c5000 	C:\WINDOWS\SYSTEM32\USERENV.dll
0x00007ff83af60000 - 0x00007ff83af6c000 	C:\WINDOWS\SYSTEM32\CRYPTBASE.dll
0x00007ff83aaa0000 - 0x00007ff83aada000 	C:\WINDOWS\SYSTEM32\IPHLPAPI.DLL
0x00007ff83d410000 - 0x00007ff83d418000 	C:\WINDOWS\System32\NSI.dll
0x00007ff8305e0000 - 0x00007ff8305f6000 	C:\WINDOWS\SYSTEM32\dhcpcsvc6.DLL
0x00007ff8309d0000 - 0x00007ff8309ec000 	C:\WINDOWS\SYSTEM32\dhcpcsvc.DLL
0x00007ff83aae0000 - 0x00007ff83abaa000 	C:\WINDOWS\SYSTEM32\DNSAPI.dll
0x00007ff8344d0000 - 0x00007ff8344d9000 	C:\Program Files\Java\jdk-11.0.10\bin\management.dll
0x00007ff832560000 - 0x00007ff83256b000 	C:\Program Files\Java\jdk-11.0.10\bin\management_ext.dll
0x00007ff815980000 - 0x00007ff815996000 	C:\WINDOWS\system32\napinsp.dll
0x00007ff815960000 - 0x00007ff81597a000 	C:\WINDOWS\system32\pnrpnsp.dll
0x00007ff815950000 - 0x00007ff81595e000 	C:\WINDOWS\System32\winrnr.dll
0x00007ff837970000 - 0x00007ff83798c000 	C:\WINDOWS\system32\NLAapi.dll
0x00007ff836f00000 - 0x00007ff836f15000 	C:\WINDOWS\system32\wshbth.dll
0x00007ff82f8f0000 - 0x00007ff82f8fa000 	C:\Windows\System32\rasadhlp.dll
0x00007ff8304d0000 - 0x00007ff830547000 	C:\WINDOWS\System32\fwpuclnt.dll
0x00007ff82a860000 - 0x00007ff82a885000 	C:\Program Files\Java\jdk-11.0.10\bin\sunec.dll

dbghelp: loaded successfully - version: 4.0.5 - missing functions: none
symbol engine: initialized successfully - sym options: 0x614 - pdb path: .;C:\Program Files\Java\jdk-11.0.10\bin;C:\WINDOWS\SYSTEM32;C:\WINDOWS\WinSxS\amd64_microsoft.windows.common-controls_6595b64144ccf1df_6.0.18362.778_none_e6c6b761130d4fb8;C:\Program Files\Java\jdk-11.0.10\bin\server;C:\Program Files\JetBrains\IntelliJ IDEA Community Edition 2020.3\bin

VM Arguments:
jvm_args: -ea -Didea.test.cyclic.buffer.size=1048576 -javaagent:C:\Program Files\JetBrains\IntelliJ IDEA Community Edition 2020.3\lib\idea_rt.jar=52871:C:\Program Files\JetBrains\IntelliJ IDEA Community Edition 2020.3\bin -Dfile.encoding=UTF-8 
java_command: com.intellij.rt.testng.RemoteTestNGStarter -usedefaultlisteners false -socket52870 @w@C:\Users\Наталя\AppData\Local\Temp\idea_working_dirs_testng.tmp -temp C:\Users\Наталя\AppData\Local\Temp\idea_testng.tmp
java_class_path (initial): C:\Program Files\JetBrains\IntelliJ IDEA Community Edition 2020.3\lib\idea_rt.jar;C:\Program Files\JetBrains\IntelliJ IDEA Community Edition 2020.3\plugins\testng\lib\testng-rt.jar;C:\Users\Наталя\QA-a\TeamIF120Project\selenideif120\target\test-classes;C:\Users\Наталя\QA-a\TeamIF120Project\selenideif120\target\classes;C:\Users\Наталя\.m2\repository\org\testng\testng\7.3.0\testng-7.3.0.jar;C:\Users\Наталя\.m2\repository\com\beust\jcommander\1.78\jcommander-1.78.jar;C:\Users\Наталя\.m2\repository\org\apache\ant\ant\1.10.3\ant-1.10.3.jar;C:\Users\Наталя\.m2\repository\org\apache\ant\ant-launcher\1.10.3\ant-launcher-1.10.3.jar;C:\Users\Наталя\.m2\repository\junit\junit\4.12\junit-4.12.jar;C:\Users\Наталя\.m2\repository\org\hamcrest\hamcrest-core\1.3\hamcrest-core-1.3.jar;C:\Users\Наталя\.m2\repository\com\google\inject\guice\4.2.2\guice-4.2.2-no_aop.jar;C:\Users\Наталя\.m2\repository\javax\inject\javax.inject\1\javax.inject-1.jar;C:\Users\Наталя\.m2\repository\aopalliance\aopalliance\1.0\aopalliance-1.0.jar;C:\Users\Наталя\.m2\repository\org\yaml\snakeyaml\1.21\snakeyaml-1.21.jar;C:\Users\Наталя\.m2\repository\org\seleniumhq\selenium\selenium-java\3.141.59\selenium-java-3.141.59.jar;C:\Users\Наталя\.m2\repository\org\seleniumhq\selenium\selenium-api\3.141.59\selenium-api-3.141.59.jar;C:\Users\Наталя\.m2\repository\org\seleniumhq\selenium\selenium-edge-driver\3.141.59\selenium-edge-driver-3.141.59.jar;C:\Users\Наталя\.m2\repository\org\seleniumhq\selenium\selenium-firefox-driver\3.141.59\selenium-firefox-driver-3.141.59.jar;C:\Users\Наталя\.m2\repository\org\seleniumhq\selenium\selenium-ie-driver\3.141.59\selenium-ie-driver-3.141.59.jar;C:\Users\Наталя\.m2\repository\org\seleniumhq\selenium\selenium-opera-driver\3.141.59\selenium-opera-driver-3.141.59.jar;C:\Users\Наталя\.m2\repository\org\seleniumhq\selenium\selenium-remote-driver\3.141.59\selenium-remote-driver-3.141.59.jar;C:\Users\Наталя\.m2\repository\org\seleniumhq\selenium\selenium-saf
Launcher Type: SUN_STANDARD

[Global flags]
     intx CICompilerCount                          = 3                                         {product} {ergonomic}
     uint ConcGCThreads                            = 1                                         {product} {ergonomic}
     uint G1ConcRefinementThreads                  = 4                                         {product} {ergonomic}
   size_t G1HeapRegionSize                         = 1048576                                   {product} {ergonomic}
    uintx GCDrainStackTargetSize                   = 64                                        {product} {ergonomic}
   size_t InitialHeapSize                          = 132120576                                 {product} {ergonomic}
   size_t MarkStackSize                            = 4194304                                   {product} {ergonomic}
   size_t MaxHeapSize                              = 2113929216                                {product} {ergonomic}
   size_t MaxNewSize                               = 1267728384                                {product} {ergonomic}
   size_t MinHeapDeltaBytes                        = 1048576                                   {product} {ergonomic}
    uintx NonNMethodCodeHeapSize                   = 5830732                                {pd product} {ergonomic}
    uintx NonProfiledCodeHeapSize                  = 122913754                              {pd product} {ergonomic}
    uintx ProfiledCodeHeapSize                     = 122913754                              {pd product} {ergonomic}
    uintx ReservedCodeCacheSize                    = 251658240                              {pd product} {ergonomic}
     bool SegmentedCodeCache                       = true                                      {product} {ergonomic}
     bool UseCompressedClassPointers               = true                                 {lp64_product} {ergonomic}
     bool UseCompressedOops                        = true                                 {lp64_product} {ergonomic}
     bool UseG1GC                                  = true                                      {product} {ergonomic}
     bool UseLargePagesIndividualAllocation        = false                                  {pd product} {ergonomic}

Logging:
Log output configuration:
 #0: stdout all=warning uptime,level,tags
 #1: stderr all=off uptime,level,tags

Environment Variables:
PATH=C:\Program Files\Common Files\Oracle\Java\javapath;C:\Program Files (x86)\Common Files\Oracle\Java\javapath;C:\WINDOWS\system32;C:\WINDOWS;C:\WINDOWS\System32\Wbem;C:\WINDOWS\System32\WindowsPowerShell\v1.0\;C:\Program Files\Dell\Dell Data Protection\Drivers\TSS\bin\;C:\WINDOWS\System32\OpenSSH\;C:\Ruby26-x64\bin;C:\Program Files (x86)\Yarn\bin\;C:\Program Files\nodejs\;C:\install\apache-maven-3.6.3\bin;C:\Program Files\Java\jdk1.8.0_271\bin;C:\Ruby26-x64\bin;C:\Users\Наталя\AppData\Local\Microsoft\WindowsApps;C:\Users\Наталя\AppData\Local\GitHubDesktop\bin;C:\Users\Наталя\AppData\Local\Yarn\bin;C:\Users\Наталя\AppData\Roaming\npm;C:\Users\Наталя\AppData\Local\Programs\Git\cmd
USERNAME=Наталя
OS=Windows_NT
PROCESSOR_IDENTIFIER=Intel64 Family 6 Model 58 Stepping 9, GenuineIntel



---------------  S Y S T E M  ---------------

OS: Windows 10 , 64 bit Build 18362 (10.0.18362.778)

CPU:total 4 (initial active 4) (2 cores per cpu, 2 threads per core) family 6 model 58 stepping 9 microcode 0x21, cmov, cx8, fxsr, mmx, sse, sse2, sse3, ssse3, sse4.1, sse4.2, popcnt, avx, aes, clmul, erms, ht, tsc, tscinvbit, tscinv

Memory: 4k page, system-wide physical 8063M (378M free)
TotalPageFile size 23199M (AvailPageFile size 5M)
current process WorkingSet (physical memory assigned to process): 104M, peak: 104M
current process commit charge ("private bytes"): 232M, peak: 233M

vm_info: Java HotSpot(TM) 64-Bit Server VM (11.0.10+8-LTS-162) for windows-amd64 JRE (11.0.10+8-LTS-162), built on Dec  8 2020 16:32:57 by "mach5one" with MS VC++ 15.9 (VS2017)

END.
