#
# There is insufficient memory for the Java Runtime Environment to continue.
# Native memory allocation (malloc) failed to allocate 822576 bytes for Chunk::new
# Possible reasons:
#   The system is out of physical RAM or swap space
#   The process is running with CompressedOops enabled, and the Java Heap may be blocking the growth of the native heap
# Possible solutions:
#   Reduce memory load on the system
#   Increase physical memory or swap space
#   Check if swap backing store is full
#   Decrease Java heap size (-Xmx/-Xms)
#   Decrease number of Java threads
#   Decrease Java thread stack sizes (-Xss)
#   Set larger code cache with -XX:ReservedCodeCacheSize=
#   JVM is running with Unscaled Compressed Oops mode in which the Java heap is
#     placed in the first 4GB address space. The Java Heap base address is the
#     maximum limit for the native heap growth. Please use -XX:HeapBaseMinAddress
#     to set the Java Heap base and to place the Java Heap above 4GB virtual address.
# This output file may be truncated or incomplete.
#
#  Out of Memory Error (./open/src/hotspot/share/memory/arena.cpp:197), pid=9228, tid=60064
#
# JRE version: Java(TM) SE Runtime Environment 18.9 (11.0.10+8) (build 11.0.10+8-LTS-162)
# Java VM: Java HotSpot(TM) 64-Bit Server VM 18.9 (11.0.10+8-LTS-162, mixed mode, tiered, compressed oops, g1 gc, windows-amd64)
# No core dump will be written. Minidumps are not enabled by default on client versions of Windows
#

---------------  S U M M A R Y ------------

Command Line: -ea -Didea.test.cyclic.buffer.size=1048576 -javaagent:C:\Program Files\JetBrains\IntelliJ IDEA Community Edition 2020.3\lib\idea_rt.jar=61193:C:\Program Files\JetBrains\IntelliJ IDEA Community Edition 2020.3\bin -Dfile.encoding=UTF-8 com.intellij.rt.testng.RemoteTestNGStarter -usedefaultlisteners false -socket61192 @w@C:\Users\Наталя\AppData\Local\Temp\idea_working_dirs_testng1.tmp -temp C:\Users\Наталя\AppData\Local\Temp\idea_testng1.tmp

Host: Intel(R) Core(TM) i5-3340M CPU @ 2.70GHz, 4 cores, 7G,  Windows 10 , 64 bit Build 18362 (10.0.18362.778)
Time: Wed Apr 14 15:52:43 2021 O?ieyia?y (e?oi) elapsed time: 7.739392 seconds (0d 0h 0m 7s)

---------------  T H R E A D  ---------------

Current thread (0x000001ec75e35800):  JavaThread "C2 CompilerThread0" daemon [_thread_in_native, id=60064, stack(0x000000e689400000,0x000000e689500000)]


Current CompileTask:
C2:   7739 2230       4       java.net.URLStreamHandler::parseURL (1201 bytes)

Stack: [0x000000e689400000,0x000000e689500000]
Native frames: (J=compiled Java code, j=interpreted, Vv=VM code, C=native code)
V  [jvm.dll+0x613e6a]
V  [jvm.dll+0x74c1ff]
V  [jvm.dll+0x74d885]
V  [jvm.dll+0x74df03]
V  [jvm.dll+0x243b78]
V  [jvm.dll+0xba2cc]
V  [jvm.dll+0xba9cc]
V  [jvm.dll+0x3469c7]
V  [jvm.dll+0x194059]
V  [jvm.dll+0x1fd4a2]
V  [jvm.dll+0x1fc54f]
V  [jvm.dll+0x17f09c]
V  [jvm.dll+0x20bbd4]
V  [jvm.dll+0x209cab]
V  [jvm.dll+0x713619]
V  [jvm.dll+0x70c314]
V  [jvm.dll+0x613036]
C  [ucrtbase.dll+0x20e72]
C  [KERNEL32.DLL+0x17bd4]
C  [ntdll.dll+0x6ce51]


---------------  P R O C E S S  ---------------

Threads class SMR info:
_java_thread_list=0x000001ec77054290, length=21, elements={
0x000001ec579cf800, 0x000001ec75df2800, 0x000001ec75e25800, 0x000001ec76793000,
0x000001ec75e34800, 0x000001ec75e35800, 0x000001ec75e38800, 0x000001ec767ee000,
0x000001ec768f3800, 0x000001ec76b3e800, 0x000001ec769e0000, 0x000001ec77705800,
0x000001ec77b79800, 0x000001ec777f0000, 0x000001ec77ba6000, 0x000001ec7772d000,
0x000001ec78019800, 0x000001ec77ae2800, 0x000001ec769a0000, 0x000001ec769a1000,
0x000001ec77dfc000
}

Java Threads: ( => current thread )
  0x000001ec579cf800 JavaThread "Forwarding newSession on session null to remote" [_thread_in_native, id=43588, stack(0x000000e688900000,0x000000e688a00000)]
  0x000001ec75df2800 JavaThread "Reference Handler" daemon [_thread_blocked, id=42940, stack(0x000000e689000000,0x000000e689100000)]
  0x000001ec75e25800 JavaThread "Finalizer" daemon [_thread_blocked, id=7680, stack(0x000000e689100000,0x000000e689200000)]
  0x000001ec76793000 JavaThread "Signal Dispatcher" daemon [_thread_blocked, id=51524, stack(0x000000e689200000,0x000000e689300000)]
  0x000001ec75e34800 JavaThread "Attach Listener" daemon [_thread_blocked, id=47648, stack(0x000000e689300000,0x000000e689400000)]
=>0x000001ec75e35800 JavaThread "C2 CompilerThread0" daemon [_thread_in_native, id=60064, stack(0x000000e689400000,0x000000e689500000)]
  0x000001ec75e38800 JavaThread "C1 CompilerThread0" daemon [_thread_blocked, id=42684, stack(0x000000e689500000,0x000000e689600000)]
  0x000001ec767ee000 JavaThread "Sweeper thread" daemon [_thread_blocked, id=9604, stack(0x000000e689600000,0x000000e689700000)]
  0x000001ec768f3800 JavaThread "Common-Cleaner" daemon [_thread_blocked, id=27768, stack(0x000000e689700000,0x000000e689800000)]
  0x000001ec76b3e800 JavaThread "Monitor Ctrl-Break" daemon [_thread_in_native, id=57540, stack(0x000000e689800000,0x000000e689900000)]
  0x000001ec769e0000 JavaThread "Service Thread" daemon [_thread_blocked, id=4172, stack(0x000000e689900000,0x000000e689a00000)]
  0x000001ec77705800 JavaThread "Exec Default Executor" daemon [_thread_in_native, id=932, stack(0x000000e68a000000,0x000000e68a100000)]
  0x000001ec77b79800 JavaThread "UrlChecker-2" daemon [_thread_blocked, id=24716, stack(0x000000e68a100000,0x000000e68a200000)]
  0x000001ec777f0000 JavaThread "Exec Stream Pumper" daemon [_thread_in_native, id=59388, stack(0x000000e68a200000,0x000000e68a300000)]
  0x000001ec77ba6000 JavaThread "Exec Stream Pumper" daemon [_thread_in_native, id=58808, stack(0x000000e68a300000,0x000000e68a400000)]
  0x000001ec7772d000 JavaThread "Keep-Alive-Timer" daemon [_thread_blocked, id=21688, stack(0x000000e689f00000,0x000000e68a000000)]
  0x000001ec78019800 JavaThread "ForkJoinPool.commonPool-worker-3" daemon [_thread_blocked, id=52608, stack(0x000000e68a400000,0x000000e68a500000)]
  0x000001ec77ae2800 JavaThread "ForkJoinPool.commonPool-worker-5" daemon [_thread_blocked, id=59228, stack(0x000000e68a500000,0x000000e68a600000)]
  0x000001ec769a0000 JavaThread "ForkJoinPool.commonPool-worker-7" daemon [_thread_blocked, id=55080, stack(0x000000e68a600000,0x000000e68a700000)]
  0x000001ec769a1000 JavaThread "OkHttp ConnectionPool" daemon [_thread_blocked, id=47492, stack(0x000000e68a700000,0x000000e68a800000)]
  0x000001ec77dfc000 JavaThread "Okio Watchdog" daemon [_thread_blocked, id=58960, stack(0x000000e68a800000,0x000000e68a900000)]

Other Threads:
  0x000001ec75df0800 VMThread "VM Thread" [stack: 0x000000e688f00000,0x000000e689000000] [id=58552]
  0x000001ec769e3000 WatcherThread [stack: 0x000000e689a00000,0x000000e689b00000] [id=5776]
  0x000001ec579e4800 GCTaskThread "GC Thread#0" [stack: 0x000000e688a00000,0x000000e688b00000] [id=60848]
  0x000001ec772d9800 GCTaskThread "GC Thread#1" [stack: 0x000000e689b00000,0x000000e689c00000] [id=42132]
  0x000001ec772d7800 GCTaskThread "GC Thread#2" [stack: 0x000000e689c00000,0x000000e689d00000] [id=59312]
  0x000001ec57a15000 ConcurrentGCThread "G1 Main Marker" [stack: 0x000000e688b00000,0x000000e688c00000] [id=51584]
  0x000001ec57a17800 ConcurrentGCThread "G1 Conc#0" [stack: 0x000000e688c00000,0x000000e688d00000] [id=59348]
  0x000001ec75c60800 ConcurrentGCThread "G1 Refine#0" [stack: 0x000000e688d00000,0x000000e688e00000] [id=59376]
  0x000001ec76a09000 ConcurrentGCThread "G1 Refine#1" [stack: 0x000000e689d00000,0x000000e689e00000] [id=42600]
  0x000001ec75c61000 ConcurrentGCThread "G1 Young RemSet Sampling" [stack: 0x000000e688e00000,0x000000e688f00000] [id=43160]

Threads with active compile tasks:
C2 CompilerThread0   7770 2230       4       java.net.URLStreamHandler::parseURL (1201 bytes)

VM state:not at safepoint (normal execution)

VM Mutex/Monitor currently owned by a thread: None

Heap address: 0x0000000082000000, size: 2016 MB, Compressed Oops mode: 32-bit
Narrow klass base: 0x0000000000000000, Narrow klass shift: 3
Compressed class space size: 1073741824 Address: 0x0000000100000000

Heap:
 garbage-first heap   total 129024K, used 32471K [0x0000000082000000, 0x0000000100000000)
  region size 1024K, 28 young (28672K), 4 survivors (4096K)
 Metaspace       used 26991K, capacity 27666K, committed 27900K, reserved 1073152K
  class space    used 2999K, capacity 3253K, committed 3328K, reserved 1048576K
Heap Regions: E=young(eden), S=young(survivor), O=old, HS=humongous(starts), HC=humongous(continues), CS=collection set, F=free, A=archive, TAMS=top-at-mark-start (previous, next)
|   0|0x0000000082000000, 0x0000000082100000, 0x0000000082100000|100%| O|  |TAMS 0x0000000082100000, 0x0000000082000000| Untracked 
|   1|0x0000000082100000, 0x0000000082200000, 0x0000000082200000|100%| O|  |TAMS 0x0000000082200000, 0x0000000082100000| Untracked 
|   2|0x0000000082200000, 0x0000000082300000, 0x0000000082300000|100%| O|  |TAMS 0x0000000082300000, 0x0000000082200000| Untracked 
|   3|0x0000000082300000, 0x0000000082400000, 0x0000000082400000|100%| O|  |TAMS 0x0000000082400000, 0x0000000082300000| Untracked 
|   4|0x0000000082400000, 0x00000000824f2800, 0x0000000082500000| 94%| O|  |TAMS 0x00000000824f2800, 0x0000000082400000| Untracked 
|   5|0x0000000082500000, 0x0000000082500000, 0x0000000082600000|  0%| F|  |TAMS 0x0000000082500000, 0x0000000082500000| Untracked 
|   6|0x0000000082600000, 0x0000000082600000, 0x0000000082700000|  0%| F|  |TAMS 0x0000000082600000, 0x0000000082600000| Untracked 
|   7|0x0000000082700000, 0x0000000082700000, 0x0000000082800000|  0%| F|  |TAMS 0x0000000082700000, 0x0000000082700000| Untracked 
|   8|0x0000000082800000, 0x0000000082800000, 0x0000000082900000|  0%| F|  |TAMS 0x0000000082800000, 0x0000000082800000| Untracked 
|   9|0x0000000082900000, 0x0000000082900000, 0x0000000082a00000|  0%| F|  |TAMS 0x0000000082900000, 0x0000000082900000| Untracked 
|  10|0x0000000082a00000, 0x0000000082a00000, 0x0000000082b00000|  0%| F|  |TAMS 0x0000000082a00000, 0x0000000082a00000| Untracked 
|  11|0x0000000082b00000, 0x0000000082b00000, 0x0000000082c00000|  0%| F|  |TAMS 0x0000000082b00000, 0x0000000082b00000| Untracked 
|  12|0x0000000082c00000, 0x0000000082c00000, 0x0000000082d00000|  0%| F|  |TAMS 0x0000000082c00000, 0x0000000082c00000| Untracked 
|  13|0x0000000082d00000, 0x0000000082d00000, 0x0000000082e00000|  0%| F|  |TAMS 0x0000000082d00000, 0x0000000082d00000| Untracked 
|  14|0x0000000082e00000, 0x0000000082e00000, 0x0000000082f00000|  0%| F|  |TAMS 0x0000000082e00000, 0x0000000082e00000| Untracked 
|  15|0x0000000082f00000, 0x0000000082f00000, 0x0000000083000000|  0%| F|  |TAMS 0x0000000082f00000, 0x0000000082f00000| Untracked 
|  16|0x0000000083000000, 0x0000000083000000, 0x0000000083100000|  0%| F|  |TAMS 0x0000000083000000, 0x0000000083000000| Untracked 
|  17|0x0000000083100000, 0x0000000083100000, 0x0000000083200000|  0%| F|  |TAMS 0x0000000083100000, 0x0000000083100000| Untracked 
|  18|0x0000000083200000, 0x0000000083200000, 0x0000000083300000|  0%| F|  |TAMS 0x0000000083200000, 0x0000000083200000| Untracked 
|  19|0x0000000083300000, 0x0000000083300000, 0x0000000083400000|  0%| F|  |TAMS 0x0000000083300000, 0x0000000083300000| Untracked 
|  20|0x0000000083400000, 0x0000000083400000, 0x0000000083500000|  0%| F|  |TAMS 0x0000000083400000, 0x0000000083400000| Untracked 
|  21|0x0000000083500000, 0x0000000083500000, 0x0000000083600000|  0%| F|  |TAMS 0x0000000083500000, 0x0000000083500000| Untracked 
|  22|0x0000000083600000, 0x0000000083600000, 0x0000000083700000|  0%| F|  |TAMS 0x0000000083600000, 0x0000000083600000| Untracked 
|  23|0x0000000083700000, 0x0000000083700000, 0x0000000083800000|  0%| F|  |TAMS 0x0000000083700000, 0x0000000083700000| Untracked 
|  24|0x0000000083800000, 0x0000000083800000, 0x0000000083900000|  0%| F|  |TAMS 0x0000000083800000, 0x0000000083800000| Untracked 
|  25|0x0000000083900000, 0x0000000083900000, 0x0000000083a00000|  0%| F|  |TAMS 0x0000000083900000, 0x0000000083900000| Untracked 
|  26|0x0000000083a00000, 0x0000000083a00000, 0x0000000083b00000|  0%| F|  |TAMS 0x0000000083a00000, 0x0000000083a00000| Untracked 
|  27|0x0000000083b00000, 0x0000000083b00000, 0x0000000083c00000|  0%| F|  |TAMS 0x0000000083b00000, 0x0000000083b00000| Untracked 
|  28|0x0000000083c00000, 0x0000000083c00000, 0x0000000083d00000|  0%| F|  |TAMS 0x0000000083c00000, 0x0000000083c00000| Untracked 
|  29|0x0000000083d00000, 0x0000000083d00000, 0x0000000083e00000|  0%| F|  |TAMS 0x0000000083d00000, 0x0000000083d00000| Untracked 
|  30|0x0000000083e00000, 0x0000000083e00000, 0x0000000083f00000|  0%| F|  |TAMS 0x0000000083e00000, 0x0000000083e00000| Untracked 
|  31|0x0000000083f00000, 0x0000000083f00000, 0x0000000084000000|  0%| F|  |TAMS 0x0000000083f00000, 0x0000000083f00000| Untracked 
|  32|0x0000000084000000, 0x0000000084000000, 0x0000000084100000|  0%| F|  |TAMS 0x0000000084000000, 0x0000000084000000| Untracked 
|  33|0x0000000084100000, 0x0000000084100000, 0x0000000084200000|  0%| F|  |TAMS 0x0000000084100000, 0x0000000084100000| Untracked 
|  34|0x0000000084200000, 0x0000000084200000, 0x0000000084300000|  0%| F|  |TAMS 0x0000000084200000, 0x0000000084200000| Untracked 
|  35|0x0000000084300000, 0x0000000084300000, 0x0000000084400000|  0%| F|  |TAMS 0x0000000084300000, 0x0000000084300000| Untracked 
|  36|0x0000000084400000, 0x0000000084400000, 0x0000000084500000|  0%| F|  |TAMS 0x0000000084400000, 0x0000000084400000| Untracked 
|  37|0x0000000084500000, 0x0000000084500000, 0x0000000084600000|  0%| F|  |TAMS 0x0000000084500000, 0x0000000084500000| Untracked 
|  38|0x0000000084600000, 0x0000000084600000, 0x0000000084700000|  0%| F|  |TAMS 0x0000000084600000, 0x0000000084600000| Untracked 
|  39|0x0000000084700000, 0x0000000084700000, 0x0000000084800000|  0%| F|  |TAMS 0x0000000084700000, 0x0000000084700000| Untracked 
|  40|0x0000000084800000, 0x0000000084800000, 0x0000000084900000|  0%| F|  |TAMS 0x0000000084800000, 0x0000000084800000| Untracked 
|  41|0x0000000084900000, 0x0000000084900000, 0x0000000084a00000|  0%| F|  |TAMS 0x0000000084900000, 0x0000000084900000| Untracked 
|  42|0x0000000084a00000, 0x0000000084a00000, 0x0000000084b00000|  0%| F|  |TAMS 0x0000000084a00000, 0x0000000084a00000| Untracked 
|  43|0x0000000084b00000, 0x0000000084b00000, 0x0000000084c00000|  0%| F|  |TAMS 0x0000000084b00000, 0x0000000084b00000| Untracked 
|  44|0x0000000084c00000, 0x0000000084c00000, 0x0000000084d00000|  0%| F|  |TAMS 0x0000000084c00000, 0x0000000084c00000| Untracked 
|  45|0x0000000084d00000, 0x0000000084d00000, 0x0000000084e00000|  0%| F|  |TAMS 0x0000000084d00000, 0x0000000084d00000| Untracked 
|  46|0x0000000084e00000, 0x0000000084e00000, 0x0000000084f00000|  0%| F|  |TAMS 0x0000000084e00000, 0x0000000084e00000| Untracked 
|  47|0x0000000084f00000, 0x0000000084f00000, 0x0000000085000000|  0%| F|  |TAMS 0x0000000084f00000, 0x0000000084f00000| Untracked 
|  48|0x0000000085000000, 0x0000000085000000, 0x0000000085100000|  0%| F|  |TAMS 0x0000000085000000, 0x0000000085000000| Untracked 
|  49|0x0000000085100000, 0x0000000085100000, 0x0000000085200000|  0%| F|  |TAMS 0x0000000085100000, 0x0000000085100000| Untracked 
|  50|0x0000000085200000, 0x0000000085200000, 0x0000000085300000|  0%| F|  |TAMS 0x0000000085200000, 0x0000000085200000| Untracked 
|  51|0x0000000085300000, 0x0000000085300000, 0x0000000085400000|  0%| F|  |TAMS 0x0000000085300000, 0x0000000085300000| Untracked 
|  52|0x0000000085400000, 0x0000000085400000, 0x0000000085500000|  0%| F|  |TAMS 0x0000000085400000, 0x0000000085400000| Untracked 
|  53|0x0000000085500000, 0x0000000085500000, 0x0000000085600000|  0%| F|  |TAMS 0x0000000085500000, 0x0000000085500000| Untracked 
|  54|0x0000000085600000, 0x0000000085600000, 0x0000000085700000|  0%| F|  |TAMS 0x0000000085600000, 0x0000000085600000| Untracked 
|  55|0x0000000085700000, 0x0000000085700000, 0x0000000085800000|  0%| F|  |TAMS 0x0000000085700000, 0x0000000085700000| Untracked 
|  56|0x0000000085800000, 0x0000000085800000, 0x0000000085900000|  0%| F|  |TAMS 0x0000000085800000, 0x0000000085800000| Untracked 
|  57|0x0000000085900000, 0x0000000085900000, 0x0000000085a00000|  0%| F|  |TAMS 0x0000000085900000, 0x0000000085900000| Untracked 
|  58|0x0000000085a00000, 0x0000000085a00000, 0x0000000085b00000|  0%| F|  |TAMS 0x0000000085a00000, 0x0000000085a00000| Untracked 
|  59|0x0000000085b00000, 0x0000000085b00000, 0x0000000085c00000|  0%| F|  |TAMS 0x0000000085b00000, 0x0000000085b00000| Untracked 
|  60|0x0000000085c00000, 0x0000000085c00000, 0x0000000085d00000|  0%| F|  |TAMS 0x0000000085c00000, 0x0000000085c00000| Untracked 
|  61|0x0000000085d00000, 0x0000000085d00000, 0x0000000085e00000|  0%| F|  |TAMS 0x0000000085d00000, 0x0000000085d00000| Untracked 
|  62|0x0000000085e00000, 0x0000000085e00000, 0x0000000085f00000|  0%| F|  |TAMS 0x0000000085e00000, 0x0000000085e00000| Untracked 
|  63|0x0000000085f00000, 0x0000000085f00000, 0x0000000086000000|  0%| F|  |TAMS 0x0000000085f00000, 0x0000000085f00000| Untracked 
|  64|0x0000000086000000, 0x0000000086000000, 0x0000000086100000|  0%| F|  |TAMS 0x0000000086000000, 0x0000000086000000| Untracked 
|  65|0x0000000086100000, 0x0000000086100000, 0x0000000086200000|  0%| F|  |TAMS 0x0000000086100000, 0x0000000086100000| Untracked 
|  66|0x0000000086200000, 0x0000000086200000, 0x0000000086300000|  0%| F|  |TAMS 0x0000000086200000, 0x0000000086200000| Untracked 
|  67|0x0000000086300000, 0x0000000086300000, 0x0000000086400000|  0%| F|  |TAMS 0x0000000086300000, 0x0000000086300000| Untracked 
|  68|0x0000000086400000, 0x0000000086400000, 0x0000000086500000|  0%| F|  |TAMS 0x0000000086400000, 0x0000000086400000| Untracked 
|  69|0x0000000086500000, 0x0000000086500000, 0x0000000086600000|  0%| F|  |TAMS 0x0000000086500000, 0x0000000086500000| Untracked 
|  70|0x0000000086600000, 0x0000000086600000, 0x0000000086700000|  0%| F|  |TAMS 0x0000000086600000, 0x0000000086600000| Untracked 
|  71|0x0000000086700000, 0x0000000086700000, 0x0000000086800000|  0%| F|  |TAMS 0x0000000086700000, 0x0000000086700000| Untracked 
|  72|0x0000000086800000, 0x0000000086800000, 0x0000000086900000|  0%| F|  |TAMS 0x0000000086800000, 0x0000000086800000| Untracked 
|  73|0x0000000086900000, 0x0000000086900000, 0x0000000086a00000|  0%| F|  |TAMS 0x0000000086900000, 0x0000000086900000| Untracked 
|  74|0x0000000086a00000, 0x0000000086a00000, 0x0000000086b00000|  0%| F|  |TAMS 0x0000000086a00000, 0x0000000086a00000| Untracked 
|  75|0x0000000086b00000, 0x0000000086b00000, 0x0000000086c00000|  0%| F|  |TAMS 0x0000000086b00000, 0x0000000086b00000| Untracked 
|  76|0x0000000086c00000, 0x0000000086c00000, 0x0000000086d00000|  0%| F|  |TAMS 0x0000000086c00000, 0x0000000086c00000| Untracked 
|  77|0x0000000086d00000, 0x0000000086d00000, 0x0000000086e00000|  0%| F|  |TAMS 0x0000000086d00000, 0x0000000086d00000| Untracked 
|  78|0x0000000086e00000, 0x0000000086e00000, 0x0000000086f00000|  0%| F|  |TAMS 0x0000000086e00000, 0x0000000086e00000| Untracked 
|  79|0x0000000086f00000, 0x0000000086f00000, 0x0000000087000000|  0%| F|  |TAMS 0x0000000086f00000, 0x0000000086f00000| Untracked 
|  80|0x0000000087000000, 0x0000000087000000, 0x0000000087100000|  0%| F|  |TAMS 0x0000000087000000, 0x0000000087000000| Untracked 
|  81|0x0000000087100000, 0x0000000087100000, 0x0000000087200000|  0%| F|  |TAMS 0x0000000087100000, 0x0000000087100000| Untracked 
|  82|0x0000000087200000, 0x0000000087200000, 0x0000000087300000|  0%| F|  |TAMS 0x0000000087200000, 0x0000000087200000| Untracked 
|  83|0x0000000087300000, 0x0000000087300000, 0x0000000087400000|  0%| F|  |TAMS 0x0000000087300000, 0x0000000087300000| Untracked 
|  84|0x0000000087400000, 0x0000000087400000, 0x0000000087500000|  0%| F|  |TAMS 0x0000000087400000, 0x0000000087400000| Untracked 
|  85|0x0000000087500000, 0x0000000087500000, 0x0000000087600000|  0%| F|  |TAMS 0x0000000087500000, 0x0000000087500000| Untracked 
|  86|0x0000000087600000, 0x0000000087600000, 0x0000000087700000|  0%| F|  |TAMS 0x0000000087600000, 0x0000000087600000| Untracked 
|  87|0x0000000087700000, 0x0000000087700000, 0x0000000087800000|  0%| F|  |TAMS 0x0000000087700000, 0x0000000087700000| Untracked 
|  88|0x0000000087800000, 0x0000000087800000, 0x0000000087900000|  0%| F|  |TAMS 0x0000000087800000, 0x0000000087800000| Untracked 
|  89|0x0000000087900000, 0x0000000087900000, 0x0000000087a00000|  0%| F|  |TAMS 0x0000000087900000, 0x0000000087900000| Untracked 
|  90|0x0000000087a00000, 0x0000000087a00000, 0x0000000087b00000|  0%| F|  |TAMS 0x0000000087a00000, 0x0000000087a00000| Untracked 
|  91|0x0000000087b00000, 0x0000000087b00000, 0x0000000087c00000|  0%| F|  |TAMS 0x0000000087b00000, 0x0000000087b00000| Untracked 
|  92|0x0000000087c00000, 0x0000000087c00000, 0x0000000087d00000|  0%| F|  |TAMS 0x0000000087c00000, 0x0000000087c00000| Untracked 
|  93|0x0000000087d00000, 0x0000000087d00000, 0x0000000087e00000|  0%| F|  |TAMS 0x0000000087d00000, 0x0000000087d00000| Untracked 
|  94|0x0000000087e00000, 0x0000000087e00000, 0x0000000087f00000|  0%| F|  |TAMS 0x0000000087e00000, 0x0000000087e00000| Untracked 
|  95|0x0000000087f00000, 0x0000000087f00000, 0x0000000088000000|  0%| F|  |TAMS 0x0000000087f00000, 0x0000000087f00000| Untracked 
|  96|0x0000000088000000, 0x0000000088000000, 0x0000000088100000|  0%| F|  |TAMS 0x0000000088000000, 0x0000000088000000| Untracked 
|  97|0x0000000088100000, 0x0000000088100000, 0x0000000088200000|  0%| F|  |TAMS 0x0000000088100000, 0x0000000088100000| Untracked 
|  98|0x0000000088200000, 0x00000000882d26d8, 0x0000000088300000| 82%| E|  |TAMS 0x0000000088200000, 0x0000000088200000| Complete 
|  99|0x0000000088300000, 0x0000000088400000, 0x0000000088400000|100%| E|CS|TAMS 0x0000000088300000, 0x0000000088300000| Complete 
| 100|0x0000000088400000, 0x0000000088500000, 0x0000000088500000|100%| E|CS|TAMS 0x0000000088400000, 0x0000000088400000| Complete 
| 101|0x0000000088500000, 0x0000000088600000, 0x0000000088600000|100%| E|CS|TAMS 0x0000000088500000, 0x0000000088500000| Complete 
| 102|0x0000000088600000, 0x0000000088700000, 0x0000000088700000|100%| E|CS|TAMS 0x0000000088600000, 0x0000000088600000| Complete 
| 103|0x0000000088700000, 0x0000000088800000, 0x0000000088800000|100%| E|CS|TAMS 0x0000000088700000, 0x0000000088700000| Complete 
| 104|0x0000000088800000, 0x0000000088900000, 0x0000000088900000|100%| E|CS|TAMS 0x0000000088800000, 0x0000000088800000| Complete 
| 105|0x0000000088900000, 0x0000000088a00000, 0x0000000088a00000|100%| E|CS|TAMS 0x0000000088900000, 0x0000000088900000| Complete 
| 106|0x0000000088a00000, 0x0000000088b00000, 0x0000000088b00000|100%| E|CS|TAMS 0x0000000088a00000, 0x0000000088a00000| Complete 
| 107|0x0000000088b00000, 0x0000000088c00000, 0x0000000088c00000|100%| E|CS|TAMS 0x0000000088b00000, 0x0000000088b00000| Complete 
| 108|0x0000000088c00000, 0x0000000088d00000, 0x0000000088d00000|100%| E|CS|TAMS 0x0000000088c00000, 0x0000000088c00000| Complete 
| 109|0x0000000088d00000, 0x0000000088e00000, 0x0000000088e00000|100%| E|CS|TAMS 0x0000000088d00000, 0x0000000088d00000| Complete 
| 110|0x0000000088e00000, 0x0000000088f00000, 0x0000000088f00000|100%| E|CS|TAMS 0x0000000088e00000, 0x0000000088e00000| Complete 
| 111|0x0000000088f00000, 0x0000000089000000, 0x0000000089000000|100%| E|CS|TAMS 0x0000000088f00000, 0x0000000088f00000| Complete 
| 112|0x0000000089000000, 0x0000000089100000, 0x0000000089100000|100%| E|CS|TAMS 0x0000000089000000, 0x0000000089000000| Complete 
| 113|0x0000000089100000, 0x0000000089200000, 0x0000000089200000|100%| E|CS|TAMS 0x0000000089100000, 0x0000000089100000| Complete 
| 114|0x0000000089200000, 0x0000000089300000, 0x0000000089300000|100%| E|CS|TAMS 0x0000000089200000, 0x0000000089200000| Complete 
| 115|0x0000000089300000, 0x0000000089400000, 0x0000000089400000|100%| E|CS|TAMS 0x0000000089300000, 0x0000000089300000| Complete 
| 116|0x0000000089400000, 0x00000000894c3550, 0x0000000089500000| 76%| S|CS|TAMS 0x0000000089400000, 0x0000000089400000| Complete 
| 117|0x0000000089500000, 0x0000000089600000, 0x0000000089600000|100%| S|CS|TAMS 0x0000000089500000, 0x0000000089500000| Complete 
| 118|0x0000000089600000, 0x0000000089700000, 0x0000000089700000|100%| S|CS|TAMS 0x0000000089600000, 0x0000000089600000| Complete 
| 119|0x0000000089700000, 0x0000000089800000, 0x0000000089800000|100%| S|CS|TAMS 0x0000000089700000, 0x0000000089700000| Complete 
| 120|0x0000000089800000, 0x0000000089900000, 0x0000000089900000|100%| E|CS|TAMS 0x0000000089800000, 0x0000000089800000| Complete 
| 121|0x0000000089900000, 0x0000000089a00000, 0x0000000089a00000|100%| E|CS|TAMS 0x0000000089900000, 0x0000000089900000| Complete 
| 122|0x0000000089a00000, 0x0000000089b00000, 0x0000000089b00000|100%| E|CS|TAMS 0x0000000089a00000, 0x0000000089a00000| Complete 
| 123|0x0000000089b00000, 0x0000000089c00000, 0x0000000089c00000|100%| E|CS|TAMS 0x0000000089b00000, 0x0000000089b00000| Complete 
| 124|0x0000000089c00000, 0x0000000089d00000, 0x0000000089d00000|100%| E|CS|TAMS 0x0000000089c00000, 0x0000000089c00000| Complete 
| 125|0x0000000089d00000, 0x0000000089e00000, 0x0000000089e00000|100%| E|CS|TAMS 0x0000000089d00000, 0x0000000089d00000| Complete 

Card table byte_map: [0x000001ec6f240000,0x000001ec6f630000] _byte_map_base: 0x000001ec6ee30000

Marking Bits (Prev, Next): (CMBitMap*) 0x000001ec57a0c720, (CMBitMap*) 0x000001ec57a0c6e8
 Prev Bits: [0x000001ec719a0000, 0x000001ec73920000)
 Next Bits: [0x000001ec6fa20000, 0x000001ec719a0000)

Polling page: 0x000001ec559b0000

Metaspace:

Usage:
  Non-class:     23.84 MB capacity,    23.43 MB ( 98%) used,   348.05 KB (  1%) free+waste,    73.25 KB ( <1%) overhead. 
      Class:      3.18 MB capacity,     2.93 MB ( 92%) used,   217.84 KB (  7%) free+waste,    35.25 KB (  1%) overhead. 
       Both:     27.02 MB capacity,    26.36 MB ( 98%) used,   565.89 KB (  2%) free+waste,   108.50 KB ( <1%) overhead. 

Virtual space:
  Non-class space:       24.00 MB reserved,      24.00 MB (>99%) committed 
      Class space:        1.00 GB reserved,       3.25 MB ( <1%) committed 
             Both:        1.02 GB reserved,      27.25 MB (  3%) committed 

Chunk freelists:
   Non-Class:  3.88 KB
       Class:  1.38 KB
        Both:  5.25 KB

CodeHeap 'non-profiled nmethods': size=120064Kb used=899Kb max_used=899Kb free=119164Kb
 bounds [0x000001ec67910000, 0x000001ec67b80000, 0x000001ec6ee50000]
CodeHeap 'profiled nmethods': size=120000Kb used=4582Kb max_used=4582Kb free=115417Kb
 bounds [0x000001ec603e0000, 0x000001ec60860000, 0x000001ec67910000]
CodeHeap 'non-nmethods': size=5696Kb used=1158Kb max_used=1184Kb free=4537Kb
 bounds [0x000001ec5fe50000, 0x000001ec600c0000, 0x000001ec603e0000]
 total_blobs=2742 nmethods=2235 adapters=418
 compilation: enabled
              stopped_count=0, restarted_count=0
 full_count=0

Compilation events (10 events):
Event: 7.596 Thread 0x000001ec75e38800 2233       3       java.util.HashMap::tableSizeFor (32 bytes)
Event: 7.597 Thread 0x000001ec75e38800 nmethod 2233 0x000001ec60857510 code [0x000001ec608576c0, 0x000001ec608578a8]
Event: 7.599 Thread 0x000001ec75e38800 2234       3       com.google.common.base.Preconditions::checkArgument (13 bytes)
Event: 7.599 Thread 0x000001ec75e38800 nmethod 2234 0x000001ec60857990 code [0x000001ec60857b40, 0x000001ec60857d08]
Event: 7.636 Thread 0x000001ec75e38800 2235       3       java.util.regex.Pattern$BmpCharPredicate$$Lambda$28/0x00000001000ac840::is (13 bytes)
Event: 7.637 Thread 0x000001ec75e38800 nmethod 2235 0x000001ec60857e10 code [0x000001ec60857fe0, 0x000001ec608583b8]
Event: 7.637 Thread 0x000001ec75e38800 2236       3       java.util.regex.Pattern$BmpCharPredicate::lambda$union$2 (26 bytes)
Event: 7.637 Thread 0x000001ec75e38800 nmethod 2236 0x000001ec60858510 code [0x000001ec608586e0, 0x000001ec608589f8]
Event: 7.674 Thread 0x000001ec75e38800 2237       3       java.net.URI$Parser::scan (41 bytes)
Event: 7.675 Thread 0x000001ec75e38800 nmethod 2237 0x000001ec60858b10 code [0x000001ec60858d60, 0x000001ec60859678]

GC Heap History (8 events):
Event: 2.087 GC heap before
{Heap before GC invocations=0 (full 0):
 garbage-first heap   total 129024K, used 13312K [0x0000000082000000, 0x0000000100000000)
  region size 1024K, 14 young (14336K), 0 survivors (0K)
 Metaspace       used 12666K, capacity 12926K, committed 13184K, reserved 1060864K
  class space    used 1243K, capacity 1332K, committed 1408K, reserved 1048576K
}
Event: 2.094 GC heap after
{Heap after GC invocations=1 (full 0):
 garbage-first heap   total 129024K, used 3965K [0x0000000082000000, 0x0000000100000000)
  region size 1024K, 2 young (2048K), 2 survivors (2048K)
 Metaspace       used 12666K, capacity 12926K, committed 13184K, reserved 1060864K
  class space    used 1243K, capacity 1332K, committed 1408K, reserved 1048576K
}
Event: 2.415 GC heap before
{Heap before GC invocations=1 (full 0):
 garbage-first heap   total 129024K, used 9085K [0x0000000082000000, 0x0000000100000000)
  region size 1024K, 7 young (7168K), 2 survivors (2048K)
 Metaspace       used 14307K, capacity 14650K, committed 14976K, reserved 1062912K
  class space    used 1430K, capacity 1569K, committed 1664K, reserved 1048576K
}
Event: 2.423 GC heap after
{Heap after GC invocations=2 (full 0):
 garbage-first heap   total 129024K, used 4331K [0x0000000082000000, 0x0000000100000000)
  region size 1024K, 1 young (1024K), 1 survivors (1024K)
 Metaspace       used 14307K, capacity 14650K, committed 14976K, reserved 1062912K
  class space    used 1430K, capacity 1569K, committed 1664K, reserved 1048576K
}
Event: 3.577 GC heap before
{Heap before GC invocations=2 (full 0):
 garbage-first heap   total 129024K, used 27883K [0x0000000082000000, 0x0000000100000000)
  region size 1024K, 24 young (24576K), 1 survivors (1024K)
 Metaspace       used 19069K, capacity 19482K, committed 19584K, reserved 1067008K
  class space    used 1932K, capacity 2092K, committed 2176K, reserved 1048576K
}
Event: 3.585 GC heap after
{Heap after GC invocations=3 (full 0):
 garbage-first heap   total 129024K, used 8138K [0x0000000082000000, 0x0000000100000000)
  region size 1024K, 3 young (3072K), 3 survivors (3072K)
 Metaspace       used 19069K, capacity 19482K, committed 19584K, reserved 1067008K
  class space    used 1932K, capacity 2092K, committed 2176K, reserved 1048576K
}
Event: 4.369 GC heap before
{Heap before GC invocations=3 (full 0):
 garbage-first heap   total 129024K, used 13258K [0x0000000082000000, 0x0000000100000000)
  region size 1024K, 9 young (9216K), 3 survivors (3072K)
 Metaspace       used 20855K, capacity 21240K, committed 21248K, reserved 1069056K
  class space    used 2151K, capacity 2297K, committed 2304K, reserved 1048576K
}
Event: 4.376 GC heap after
{Heap after GC invocations=4 (full 0):
 garbage-first heap   total 129024K, used 8919K [0x0000000082000000, 0x0000000100000000)
  region size 1024K, 4 young (4096K), 4 survivors (4096K)
 Metaspace       used 20855K, capacity 21240K, committed 21248K, reserved 1069056K
  class space    used 2151K, capacity 2297K, committed 2304K, reserved 1048576K
}

Deoptimization events (10 events):
Event: 4.322 Thread 0x000001ec579cf800 Uncommon trap: reason=profile_predicate action=maybe_recompile pc=0x000001ec6798e560 method=java.util.regex.Pattern$SliceI.match(Ljava/util/regex/Matcher;ILjava/lang/CharSequence;)Z @ 18 c2
Event: 4.322 Thread 0x000001ec579cf800 Uncommon trap: reason=profile_predicate action=maybe_recompile pc=0x000001ec6798e560 method=java.util.regex.Pattern$SliceI.match(Ljava/util/regex/Matcher;ILjava/lang/CharSequence;)Z @ 18 c2
Event: 4.333 Thread 0x000001ec579cf800 Uncommon trap: reason=unstable_if action=reinterpret pc=0x000001ec6796e614 method=java.util.HashMap.putVal(ILjava/lang/Object;Ljava/lang/Object;ZZ)Ljava/lang/Object; @ 162 c2
Event: 4.647 Thread 0x000001ec579cf800 Uncommon trap: reason=unstable_if action=reinterpret pc=0x000001ec679ac524 method=java.util.concurrent.ConcurrentHashMap.putVal(Ljava/lang/Object;Ljava/lang/Object;Z)Ljava/lang/Object; @ 231 c2
Event: 5.013 Thread 0x000001ec579cf800 Uncommon trap: reason=unstable_if action=reinterpret pc=0x000001ec67966e0c method=java.lang.String.replace(CC)Ljava/lang/String; @ 2 c2
Event: 7.261 Thread 0x000001ec579cf800 Uncommon trap: reason=unstable_if action=reinterpret pc=0x000001ec679656f4 method=jdk.internal.org.objectweb.asm.Type.getArgumentsAndReturnSizes(Ljava/lang/String;)I @ 41 c2
Event: 7.469 Thread 0x000001ec579cf800 Uncommon trap: reason=class_check action=maybe_recompile pc=0x000001ec679be874 method=java.util.regex.Matcher.search(I)Z @ 121 c2
Event: 7.469 Thread 0x000001ec579cf800 Uncommon trap: reason=class_check action=maybe_recompile pc=0x000001ec679be874 method=java.util.regex.Matcher.search(I)Z @ 121 c2
Event: 7.469 Thread 0x000001ec579cf800 Uncommon trap: reason=class_check action=maybe_recompile pc=0x000001ec679be874 method=java.util.regex.Matcher.search(I)Z @ 121 c2
Event: 7.469 Thread 0x000001ec579cf800 Uncommon trap: reason=class_check action=maybe_recompile pc=0x000001ec679be874 method=java.util.regex.Matcher.search(I)Z @ 121 c2

Classes redefined (0 events):
No events

Internal exceptions (10 events):
Event: 6.576 Thread 0x000001ec77b79800 Exception <a 'java/net/SocketTimeoutException'{0x0000000088fdc3e0}: connect timed out> (0x0000000088fdc3e0) thrown at [./open/src/hotspot/share/prims/jni.cpp, line 632]
Event: 7.119 Thread 0x000001ec77b79800 Exception <a 'java/net/SocketTimeoutException'{0x0000000088fdd2d8}: connect timed out> (0x0000000088fdd2d8) thrown at [./open/src/hotspot/share/prims/jni.cpp, line 632]
Event: 7.238 Thread 0x000001ec579cf800 Exception <a 'java/lang/NoSuchMethodError'{0x0000000088e85fe8}: java.lang.invoke.DirectMethodHandle$Holder.invokeInterface(Ljava/lang/Object;Ljava/lang/Object;Ljava/lang/Object;)Ljava/lang/Object;> (0x0000000088e85fe8) thrown at [./open/src/hotspot/share/
Event: 7.238 Thread 0x000001ec579cf800 Exception <a 'java/lang/IncompatibleClassChangeError'{0x0000000088e89218}: Found class java.lang.Object, but interface was expected> (0x0000000088e89218) thrown at [./open/src/hotspot/share/interpreter/linkResolver.cpp, line 838]
Event: 7.240 Thread 0x000001ec579cf800 Exception <a 'java/lang/NoSuchMethodError'{0x0000000088e919b8}: java.lang.invoke.DirectMethodHandle$Holder.invokeSpecialIFC(Ljava/lang/Object;Ljava/lang/Object;Ljava/lang/Object;Ljava/lang/Object;)I> (0x0000000088e919b8) thrown at [./open/src/hotspot/shar
Event: 7.261 Thread 0x000001ec579cf800 Exception <a 'java/lang/NoSuchMethodError'{0x0000000088d09538}: java.lang.invoke.DirectMethodHandle$Holder.invokeVirtual(Ljava/lang/Object;Ljava/lang/Object;)D> (0x0000000088d09538) thrown at [./open/src/hotspot/share/interpreter/linkResolver.cpp, line 77
Event: 7.263 Thread 0x000001ec579cf800 Exception <a 'java/lang/NoSuchMethodError'{0x0000000088d0f570}: java.lang.invoke.DirectMethodHandle$Holder.invokeVirtual(Ljava/lang/Object;Ljava/lang/Object;)F> (0x0000000088d0f570) thrown at [./open/src/hotspot/share/interpreter/linkResolver.cpp, line 77
Event: 7.265 Thread 0x000001ec579cf800 Exception <a 'java/lang/NoSuchMethodError'{0x0000000088d17c90}: java.lang.invoke.DirectMethodHandle$Holder.invokeVirtual(Ljava/lang/Object;Ljava/lang/Object;)J> (0x0000000088d17c90) thrown at [./open/src/hotspot/share/interpreter/linkResolver.cpp, line 77
Event: 7.297 Thread 0x000001ec579cf800 Exception <a 'java/lang/NoSuchMethodError'{0x0000000088dcac50}: java.lang.invoke.DirectMethodHandle$Holder.invokeSpecial(Ljava/lang/Object;Ljava/lang/Object;Ljava/lang/Object;Ljava/lang/Object;)V> (0x0000000088dcac50) thrown at [./open/src/hotspot/share/i
Event: 7.330 Thread 0x000001ec579cf800 Exception <a 'java/lang/NoSuchMethodError'{0x0000000088c90010}: java.lang.invoke.DirectMethodHandle$Holder.invokeSpecial(Ljava/lang/Object;Ljava/lang/Object;Ljava/lang/Object;Ljava/lang/Object;Ljava/lang/Object;)V> (0x0000000088c90010) thrown at [./open/s

Events (10 events):
Event: 7.693 loading class okhttp3/internal/http/CallServerInterceptor$CountingSink done
Event: 7.693 loading class okio/ForwardingSink
Event: 7.693 loading class okio/ForwardingSink done
Event: 7.694 loading class okhttp3/internal/http1/Http1Codec$FixedLengthSink
Event: 7.694 loading class okhttp3/internal/http1/Http1Codec$FixedLengthSink done
Event: 7.695 loading class okio/ForwardingTimeout
Event: 7.695 loading class okio/ForwardingTimeout done
Event: 7.696 loading class okio/AsyncTimeout$Watchdog
Event: 7.696 loading class okio/AsyncTimeout$Watchdog done
Event: 7.697 Thread 0x000001ec77dfc000 Thread added: 0x000001ec77dfc000


Dynamic libraries:
0x00007ff6adbf0000 - 0x00007ff6adbff000 	C:\Program Files\Java\jdk-11.0.10\bin\java.exe
0x00007ff9e23e0000 - 0x00007ff9e25d0000 	C:\WINDOWS\SYSTEM32\ntdll.dll
0x00007ff9e04c0000 - 0x00007ff9e0572000 	C:\WINDOWS\System32\KERNEL32.DLL
0x00007ff9e00e0000 - 0x00007ff9e0383000 	C:\WINDOWS\System32\KERNELBASE.dll
0x00007ff9e0390000 - 0x00007ff9e048a000 	C:\WINDOWS\System32\ucrtbase.dll
0x00007ff9c7460000 - 0x00007ff9c7475000 	C:\Program Files\Java\jdk-11.0.10\bin\VCRUNTIME140.dll
0x00007ff9c6220000 - 0x00007ff9c6238000 	C:\Program Files\Java\jdk-11.0.10\bin\jli.dll
0x00007ff9e0960000 - 0x00007ff9e0a03000 	C:\WINDOWS\System32\ADVAPI32.dll
0x00007ff9e1dc0000 - 0x00007ff9e1e5e000 	C:\WINDOWS\System32\msvcrt.dll
0x00007ff9e14e0000 - 0x00007ff9e1577000 	C:\WINDOWS\System32\sechost.dll
0x00007ff9e0580000 - 0x00007ff9e06a0000 	C:\WINDOWS\System32\RPCRT4.dll
0x00007ff9e0a90000 - 0x00007ff9e0c24000 	C:\WINDOWS\System32\USER32.dll
0x00007ff9df830000 - 0x00007ff9df851000 	C:\WINDOWS\System32\win32u.dll
0x00007ff9e1ce0000 - 0x00007ff9e1d06000 	C:\WINDOWS\System32\GDI32.dll
0x00007ff9df470000 - 0x00007ff9df604000 	C:\WINDOWS\System32\gdi32full.dll
0x00007ff9df760000 - 0x00007ff9df7fe000 	C:\WINDOWS\System32\msvcp_win.dll
0x00007ff9d0b50000 - 0x00007ff9d0dd5000 	C:\WINDOWS\WinSxS\amd64_microsoft.windows.common-controls_6595b64144ccf1df_6.0.18362.778_none_e6c6b761130d4fb8\COMCTL32.dll
0x00007ff9e10c0000 - 0x00007ff9e13f6000 	C:\WINDOWS\System32\combase.dll
0x00007ff9df3f0000 - 0x00007ff9df470000 	C:\WINDOWS\System32\bcryptPrimitives.dll
0x00007ff9de2e0000 - 0x00007ff9de2ea000 	C:\WINDOWS\SYSTEM32\VERSION.dll
0x00007ff9e0490000 - 0x00007ff9e04be000 	C:\WINDOWS\System32\IMM32.DLL
0x00007ff9bf450000 - 0x00007ff9bf4eb000 	C:\Program Files\Java\jdk-11.0.10\bin\msvcp140.dll
0x00007ff987290000 - 0x00007ff987d8b000 	C:\Program Files\Java\jdk-11.0.10\bin\server\jvm.dll
0x00007ff9e1400000 - 0x00007ff9e1408000 	C:\WINDOWS\System32\PSAPI.DLL
0x00007ff9c2f90000 - 0x00007ff9c2f99000 	C:\WINDOWS\SYSTEM32\WSOCK32.dll
0x00007ff9e1470000 - 0x00007ff9e14df000 	C:\WINDOWS\System32\WS2_32.dll
0x00007ff9dcf60000 - 0x00007ff9dcf84000 	C:\WINDOWS\SYSTEM32\WINMM.dll
0x00007ff9dcbc0000 - 0x00007ff9dcbed000 	C:\WINDOWS\SYSTEM32\WINMMBASE.dll
0x00007ff9e0090000 - 0x00007ff9e00da000 	C:\WINDOWS\System32\cfgmgr32.dll
0x00007ff9df2d0000 - 0x00007ff9df2e1000 	C:\WINDOWS\System32\kernel.appcore.dll
0x00007ff9d4210000 - 0x00007ff9d4220000 	C:\Program Files\Java\jdk-11.0.10\bin\verify.dll
0x00007ff9c8870000 - 0x00007ff9c8a64000 	C:\WINDOWS\SYSTEM32\DBGHELP.DLL
0x00007ff9c87f0000 - 0x00007ff9c881a000 	C:\WINDOWS\SYSTEM32\dbgcore.DLL
0x00007ff9c5ca0000 - 0x00007ff9c5cc8000 	C:\Program Files\Java\jdk-11.0.10\bin\java.dll
0x00007ff9d0950000 - 0x00007ff9d095a000 	C:\Program Files\Java\jdk-11.0.10\bin\jimage.dll
0x00007ff9dd100000 - 0x00007ff9dd10e000 	C:\Program Files\Java\jdk-11.0.10\bin\instrument.dll
0x00007ff9c5c80000 - 0x00007ff9c5c96000 	C:\Program Files\Java\jdk-11.0.10\bin\zip.dll
0x00007ff9e1590000 - 0x00007ff9e1c75000 	C:\WINDOWS\System32\SHELL32.dll
0x00007ff9e1d10000 - 0x00007ff9e1db9000 	C:\WINDOWS\System32\shcore.dll
0x00007ff9df860000 - 0x00007ff9dffe0000 	C:\WINDOWS\System32\windows.storage.dll
0x00007ff9df2f0000 - 0x00007ff9df313000 	C:\WINDOWS\System32\profapi.dll
0x00007ff9df320000 - 0x00007ff9df36a000 	C:\WINDOWS\System32\powrprof.dll
0x00007ff9df2a0000 - 0x00007ff9df2b0000 	C:\WINDOWS\System32\UMPDC.dll
0x00007ff9e1c80000 - 0x00007ff9e1cd2000 	C:\WINDOWS\System32\shlwapi.dll
0x00007ff9df370000 - 0x00007ff9df387000 	C:\WINDOWS\System32\cryptsp.dll
0x00007ff9c5c30000 - 0x00007ff9c5c49000 	C:\Program Files\Java\jdk-11.0.10\bin\net.dll
0x00007ff9d5640000 - 0x00007ff9d5730000 	C:\WINDOWS\SYSTEM32\WINHTTP.dll
0x00007ff9deab0000 - 0x00007ff9deb17000 	C:\WINDOWS\system32\mswsock.dll
0x00007ff9c5ba0000 - 0x00007ff9c5bb2000 	C:\Program Files\Java\jdk-11.0.10\bin\nio.dll
0x00007ff9d90a0000 - 0x00007ff9d90ba000 	C:\Program Files\JetBrains\IntelliJ IDEA Community Edition 2020.3\bin\breakgen64.dll
0x00007ff9de620000 - 0x00007ff9de653000 	C:\WINDOWS\system32\rsaenh.dll
0x00007ff9df800000 - 0x00007ff9df826000 	C:\WINDOWS\System32\bcrypt.dll
0x00007ff9df1c0000 - 0x00007ff9df1e5000 	C:\WINDOWS\SYSTEM32\USERENV.dll
0x00007ff9df180000 - 0x00007ff9df18c000 	C:\WINDOWS\SYSTEM32\CRYPTBASE.dll
0x00007ff9de7c0000 - 0x00007ff9de7fa000 	C:\WINDOWS\SYSTEM32\IPHLPAPI.DLL
0x00007ff9e1580000 - 0x00007ff9e1588000 	C:\WINDOWS\System32\NSI.dll
0x00007ff9d3aa0000 - 0x00007ff9d3ab6000 	C:\WINDOWS\SYSTEM32\dhcpcsvc6.DLL
0x00007ff9d4400000 - 0x00007ff9d441c000 	C:\WINDOWS\SYSTEM32\dhcpcsvc.DLL
0x00007ff9de800000 - 0x00007ff9de8ca000 	C:\WINDOWS\SYSTEM32\DNSAPI.dll
0x00007ff9d0570000 - 0x00007ff9d0579000 	C:\Program Files\Java\jdk-11.0.10\bin\management.dll
0x00007ff9cf860000 - 0x00007ff9cf86b000 	C:\Program Files\Java\jdk-11.0.10\bin\management_ext.dll
0x00007ff9c03b0000 - 0x00007ff9c03c6000 	C:\WINDOWS\system32\napinsp.dll
0x00007ff9c0390000 - 0x00007ff9c03aa000 	C:\WINDOWS\system32\pnrpnsp.dll
0x00007ff9c0380000 - 0x00007ff9c038e000 	C:\WINDOWS\System32\winrnr.dll
0x00007ff9db900000 - 0x00007ff9db91c000 	C:\WINDOWS\system32\NLAapi.dll
0x00007ff9da670000 - 0x00007ff9da685000 	C:\WINDOWS\system32\wshbth.dll
0x00007ff9cf740000 - 0x00007ff9cf74a000 	C:\Windows\System32\rasadhlp.dll
0x00007ff9d21d0000 - 0x00007ff9d2247000 	C:\WINDOWS\System32\fwpuclnt.dll
0x00007ff9db970000 - 0x00007ff9db97d000 	C:\Program Files\Java\jdk-11.0.10\bin\sunmscapi.dll
0x00007ff9df610000 - 0x00007ff9df759000 	C:\WINDOWS\System32\CRYPT32.dll
0x00007ff9df2b0000 - 0x00007ff9df2c2000 	C:\WINDOWS\System32\MSASN1.dll
0x00007ff9ded70000 - 0x00007ff9ded96000 	C:\WINDOWS\SYSTEM32\ncrypt.dll
0x00007ff9ded30000 - 0x00007ff9ded6b000 	C:\WINDOWS\SYSTEM32\NTASN1.dll
0x00007ff9d4090000 - 0x00007ff9d40b5000 	C:\Program Files\Java\jdk-11.0.10\bin\sunec.dll

dbghelp: loaded successfully - version: 4.0.5 - missing functions: none
symbol engine: initialized successfully - sym options: 0x614 - pdb path: .;C:\Program Files\Java\jdk-11.0.10\bin;C:\WINDOWS\SYSTEM32;C:\WINDOWS\WinSxS\amd64_microsoft.windows.common-controls_6595b64144ccf1df_6.0.18362.778_none_e6c6b761130d4fb8;C:\Program Files\Java\jdk-11.0.10\bin\server;C:\Program Files\JetBrains\IntelliJ IDEA Community Edition 2020.3\bin

VM Arguments:
jvm_args: -ea -Didea.test.cyclic.buffer.size=1048576 -javaagent:C:\Program Files\JetBrains\IntelliJ IDEA Community Edition 2020.3\lib\idea_rt.jar=61193:C:\Program Files\JetBrains\IntelliJ IDEA Community Edition 2020.3\bin -Dfile.encoding=UTF-8 
java_command: com.intellij.rt.testng.RemoteTestNGStarter -usedefaultlisteners false -socket61192 @w@C:\Users\Наталя\AppData\Local\Temp\idea_working_dirs_testng1.tmp -temp C:\Users\Наталя\AppData\Local\Temp\idea_testng1.tmp
java_class_path (initial): C:\Program Files\JetBrains\IntelliJ IDEA Community Edition 2020.3\lib\idea_rt.jar;C:\Program Files\JetBrains\IntelliJ IDEA Community Edition 2020.3\plugins\testng\lib\testng-rt.jar;C:\Users\Наталя\QA-a\TeamIF120Project\selenideif120\target\test-classes;C:\Users\Наталя\QA-a\TeamIF120Project\selenideif120\target\classes;C:\Users\Наталя\.m2\repository\org\testng\testng\7.3.0\testng-7.3.0.jar;C:\Users\Наталя\.m2\repository\com\beust\jcommander\1.78\jcommander-1.78.jar;C:\Users\Наталя\.m2\repository\org\apache\ant\ant\1.10.3\ant-1.10.3.jar;C:\Users\Наталя\.m2\repository\org\apache\ant\ant-launcher\1.10.3\ant-launcher-1.10.3.jar;C:\Users\Наталя\.m2\repository\junit\junit\4.12\junit-4.12.jar;C:\Users\Наталя\.m2\repository\org\hamcrest\hamcrest-core\1.3\hamcrest-core-1.3.jar;C:\Users\Наталя\.m2\repository\com\google\inject\guice\4.2.2\guice-4.2.2-no_aop.jar;C:\Users\Наталя\.m2\repository\javax\inject\javax.inject\1\javax.inject-1.jar;C:\Users\Наталя\.m2\repository\aopalliance\aopalliance\1.0\aopalliance-1.0.jar;C:\Users\Наталя\.m2\repository\org\yaml\snakeyaml\1.21\snakeyaml-1.21.jar;C:\Users\Наталя\.m2\repository\org\seleniumhq\selenium\selenium-java\3.141.59\selenium-java-3.141.59.jar;C:\Users\Наталя\.m2\repository\org\seleniumhq\selenium\selenium-api\3.141.59\selenium-api-3.141.59.jar;C:\Users\Наталя\.m2\repository\org\seleniumhq\selenium\selenium-edge-driver\3.141.59\selenium-edge-driver-3.141.59.jar;C:\Users\Наталя\.m2\repository\org\seleniumhq\selenium\selenium-firefox-driver\3.141.59\selenium-firefox-driver-3.141.59.jar;C:\Users\Наталя\.m2\repository\org\seleniumhq\selenium\selenium-ie-driver\3.141.59\selenium-ie-driver-3.141.59.jar;C:\Users\Наталя\.m2\repository\org\seleniumhq\selenium\selenium-opera-driver\3.141.59\selenium-opera-driver-3.141.59.jar;C:\Users\Наталя\.m2\repository\org\seleniumhq\selenium\selenium-remote-driver\3.141.59\selenium-remote-driver-3.141.59.jar;C:\Users\Наталя\.m2\repository\org\seleniumhq\selenium\selenium-saf
Launcher Type: SUN_STANDARD

[Global flags]
     intx CICompilerCount                          = 3                                         {product} {ergonomic}
     uint ConcGCThreads                            = 1                                         {product} {ergonomic}
     uint G1ConcRefinementThreads                  = 4                                         {product} {ergonomic}
   size_t G1HeapRegionSize                         = 1048576                                   {product} {ergonomic}
    uintx GCDrainStackTargetSize                   = 64                                        {product} {ergonomic}
   size_t InitialHeapSize                          = 132120576                                 {product} {ergonomic}
   size_t MarkStackSize                            = 4194304                                   {product} {ergonomic}
   size_t MaxHeapSize                              = 2113929216                                {product} {ergonomic}
   size_t MaxNewSize                               = 1267728384                                {product} {ergonomic}
   size_t MinHeapDeltaBytes                        = 1048576                                   {product} {ergonomic}
    uintx NonNMethodCodeHeapSize                   = 5830732                                {pd product} {ergonomic}
    uintx NonProfiledCodeHeapSize                  = 122913754                              {pd product} {ergonomic}
    uintx ProfiledCodeHeapSize                     = 122913754                              {pd product} {ergonomic}
    uintx ReservedCodeCacheSize                    = 251658240                              {pd product} {ergonomic}
     bool SegmentedCodeCache                       = true                                      {product} {ergonomic}
     bool UseCompressedClassPointers               = true                                 {lp64_product} {ergonomic}
     bool UseCompressedOops                        = true                                 {lp64_product} {ergonomic}
     bool UseG1GC                                  = true                                      {product} {ergonomic}
     bool UseLargePagesIndividualAllocation        = false                                  {pd product} {ergonomic}

Logging:
Log output configuration:
 #0: stdout all=warning uptime,level,tags
 #1: stderr all=off uptime,level,tags

Environment Variables:
PATH=C:\Program Files\Common Files\Oracle\Java\javapath;C:\Program Files (x86)\Common Files\Oracle\Java\javapath;C:\WINDOWS\system32;C:\WINDOWS;C:\WINDOWS\System32\Wbem;C:\WINDOWS\System32\WindowsPowerShell\v1.0\;C:\Program Files\Dell\Dell Data Protection\Drivers\TSS\bin\;C:\WINDOWS\System32\OpenSSH\;C:\Ruby26-x64\bin;C:\Program Files (x86)\Yarn\bin\;C:\Program Files\nodejs\;C:\install\apache-maven-3.6.3\bin;C:\Program Files\Java\jdk1.8.0_271\bin;C:\Ruby26-x64\bin;C:\Users\Наталя\AppData\Local\Microsoft\WindowsApps;C:\Users\Наталя\AppData\Local\GitHubDesktop\bin;C:\Users\Наталя\AppData\Local\Yarn\bin;C:\Users\Наталя\AppData\Roaming\npm;C:\Users\Наталя\AppData\Local\Programs\Git\cmd
USERNAME=Наталя
OS=Windows_NT
PROCESSOR_IDENTIFIER=Intel64 Family 6 Model 58 Stepping 9, GenuineIntel



---------------  S Y S T E M  ---------------

OS: Windows 10 , 64 bit Build 18362 (10.0.18362.778)

CPU:total 4 (initial active 4) (2 cores per cpu, 2 threads per core) family 6 model 58 stepping 9 microcode 0x21, cmov, cx8, fxsr, mmx, sse, sse2, sse3, ssse3, sse4.1, sse4.2, popcnt, avx, aes, clmul, erms, ht, tsc, tscinvbit, tscinv

Memory: 4k page, system-wide physical 8063M (384M free)
TotalPageFile size 22527M (AvailPageFile size 4M)
current process WorkingSet (physical memory assigned to process): 118M, peak: 119M
current process commit charge ("private bytes"): 243M, peak: 245M

vm_info: Java HotSpot(TM) 64-Bit Server VM (11.0.10+8-LTS-162) for windows-amd64 JRE (11.0.10+8-LTS-162), built on Dec  8 2020 16:32:57 by "mach5one" with MS VC++ 15.9 (VS2017)

END.
